info: [Petición] POST /api/auth/login {"timestamp":"2025-05-21 02:11:00"}
info: [Petición] GET /api/beer {"timestamp":"2025-05-21 02:11:01"}
info: 🔍 GET /api/beer → 6 cervezas encontradas {"timestamp":"2025-05-21 02:11:01"}
info: [Petición] GET /api/beer {"timestamp":"2025-05-21 02:11:01"}
info: 🔍 GET /api/beer → 6 cervezas encontradas {"timestamp":"2025-05-21 02:11:01"}
info: [Petición] GET /api/location {"timestamp":"2025-05-21 02:12:04"}
info: [Petición] GET /api/location {"timestamp":"2025-05-21 02:12:04"}
info: [Petición] POST /api/location {"timestamp":"2025-05-21 02:12:23"}
info: 🔐 Usuario autenticado correctamente: 679a9a7ec0fd31f8046370ac {"timestamp":"2025-05-21 02:12:23"}
info: [Petición] GET /api/location {"timestamp":"2025-05-21 02:12:24"}
info: Servidor iniciado en el puerto 3940 {"timestamp":"2025-05-21 18:26:14"}
info: ✅ Conectado a MongoDB correctamente {"timestamp":"2025-05-21 18:26:14"}
info: Servidor iniciado en el puerto 3940 {"timestamp":"2025-05-21 18:26:19"}
info: ✅ Conectado a MongoDB correctamente {"timestamp":"2025-05-21 18:26:19"}
info: [Petición] GET /api/location {"timestamp":"2025-05-21 18:26:30"}
info: [Petición] POST /api/location {"timestamp":"2025-05-21 18:27:07"}
error: ❌ Error de autenticación: jwt expired {"timestamp":"2025-05-21 18:27:07"}
info: [Petición] GET /api/location {"timestamp":"2025-05-21 18:27:07"}
info: [Petición] POST /api/auth/login {"timestamp":"2025-05-21 18:27:21"}
info: [Petición] GET /api/beer {"timestamp":"2025-05-21 18:27:22"}
info: 🔍 GET /api/beer → 6 cervezas encontradas {"timestamp":"2025-05-21 18:27:22"}
info: [Petición] GET /api/beer {"timestamp":"2025-05-21 18:27:22"}
info: 🔍 GET /api/beer → 6 cervezas encontradas {"timestamp":"2025-05-21 18:27:22"}
info: [Petición] GET /api/location {"timestamp":"2025-05-21 18:27:26"}
info: [Petición] GET /api/location {"timestamp":"2025-05-21 18:27:26"}
info: [Petición] POST /api/location {"timestamp":"2025-05-21 18:27:40"}
info: 🔐 Usuario autenticado correctamente: 679a9a7ec0fd31f8046370ac {"timestamp":"2025-05-21 18:27:40"}
info: [Petición] GET /api/location {"timestamp":"2025-05-21 18:27:40"}
info: Servidor iniciado en el puerto 3940 {"timestamp":"2025-05-21 18:28:15"}
info: ✅ Conectado a MongoDB correctamente {"timestamp":"2025-05-21 18:28:15"}
info: [Petición] POST /api/location {"timestamp":"2025-05-21 18:28:19"}
info: 🔐 Usuario autenticado correctamente: 679a9a7ec0fd31f8046370ac {"timestamp":"2025-05-21 18:28:19"}
info: [Petición] GET /api/location {"timestamp":"2025-05-21 18:28:19"}
info: Servidor iniciado en el puerto 3940 {"timestamp":"2025-05-21 18:31:18"}
info: ✅ Conectado a MongoDB correctamente {"timestamp":"2025-05-21 18:31:18"}
info: [Petición] POST /api/location {"timestamp":"2025-05-21 18:31:23"}
info: 🔐 Usuario autenticado correctamente: 679a9a7ec0fd31f8046370ac {"timestamp":"2025-05-21 18:31:23"}
info: [Petición] GET /api/location {"timestamp":"2025-05-21 18:31:23"}
info: [Petición] GET /api/location {"timestamp":"2025-05-21 18:31:35"}
info: Servidor iniciado en el puerto 3940 {"timestamp":"2025-05-21 18:31:37"}
info: ✅ Conectado a MongoDB correctamente {"timestamp":"2025-05-21 18:31:37"}
info: [Petición] GET /api/location {"timestamp":"2025-05-21 21:22:41"}
info: Servidor iniciado en el puerto 3940 {"timestamp":"2025-05-21 22:04:17"}
info: ✅ Conectado a MongoDB correctamente {"timestamp":"2025-05-21 22:04:17"}
info: Servidor iniciado en el puerto 3940 {"timestamp":"2025-05-21 22:04:18"}
info: ✅ Conectado a MongoDB correctamente {"timestamp":"2025-05-21 22:04:18"}
info: Servidor iniciado en el puerto 3940 {"timestamp":"2025-05-21 22:04:18"}
info: ✅ Conectado a MongoDB correctamente {"timestamp":"2025-05-21 22:04:18"}
info: Servidor iniciado en el puerto 3940 {"timestamp":"2025-05-21 22:04:19"}
info: ✅ Conectado a MongoDB correctamente {"timestamp":"2025-05-21 22:04:19"}
info: Servidor iniciado en el puerto 3940 {"timestamp":"2025-05-21 22:04:20"}
info: ✅ Conectado a MongoDB correctamente {"timestamp":"2025-05-21 22:04:20"}
info: [Petición] GET /api/location {"timestamp":"2025-05-21 22:04:41"}
info: [Petición] GET /api/location {"timestamp":"2025-05-21 22:04:44"}
info: [Petición] GET /api/location {"timestamp":"2025-05-21 22:04:46"}
info: [Petición] POST /api/auth/login {"timestamp":"2025-05-21 22:04:54"}
info: [Petición] GET /api/beer {"timestamp":"2025-05-21 22:04:54"}
info: 🔍 GET /api/beer → 6 cervezas encontradas {"timestamp":"2025-05-21 22:04:54"}
info: [Petición] GET /api/beer {"timestamp":"2025-05-21 22:04:54"}
info: 🔍 GET /api/beer → 6 cervezas encontradas {"timestamp":"2025-05-21 22:04:54"}
info: [Petición] GET /api/location {"timestamp":"2025-05-21 22:05:01"}
info: [Petición] GET /api/location {"timestamp":"2025-05-21 22:05:01"}
info: [Petición] POST /api/location {"timestamp":"2025-05-21 22:05:19"}
info: 🔐 Usuario autenticado correctamente: 679a9a7ec0fd31f8046370ac {"timestamp":"2025-05-21 22:05:19"}
info: [Petición] GET /api/location {"timestamp":"2025-05-21 22:05:19"}
info: [Petición] GET /api/location {"timestamp":"2025-05-21 22:11:41"}
info: [Petición] GET /api/location {"timestamp":"2025-05-21 22:11:44"}
info: [Petición] POST /api/location {"timestamp":"2025-05-21 22:12:08"}
info: 🔐 Usuario autenticado correctamente: 679a9a7ec0fd31f8046370ac {"timestamp":"2025-05-21 22:12:08"}
info: [Petición] GET /api/location {"timestamp":"2025-05-21 22:12:08"}
info: [Petición] POST /api/auth/login {"timestamp":"2025-05-21 23:43:28"}
info: [Petición] GET /api/beer {"timestamp":"2025-05-21 23:43:28"}
info: 🔍 GET /api/beer → 6 cervezas encontradas {"timestamp":"2025-05-21 23:43:28"}
info: [Petición] GET /api/beer {"timestamp":"2025-05-21 23:43:28"}
info: 🔍 GET /api/beer → 6 cervezas encontradas {"timestamp":"2025-05-21 23:43:28"}
info: [Petición] GET /api/location {"timestamp":"2025-05-21 23:43:41"}
info: [Petición] GET /api/location {"timestamp":"2025-05-21 23:43:46"}
info: Servidor iniciado en el puerto 3940 {"timestamp":"2025-05-21 23:45:07"}
info: ✅ Conectado a MongoDB correctamente {"timestamp":"2025-05-21 23:45:07"}
info: [Petición] GET /api/location {"timestamp":"2025-05-21 23:46:12"}
info: [Petición] GET /api/location {"timestamp":"2025-05-21 23:46:12"}
info: [Petición] POST /api/location {"timestamp":"2025-05-21 23:46:31"}
info: 🔐 Usuario autenticado correctamente: 679a9a7ec0fd31f8046370ac {"timestamp":"2025-05-21 23:46:31"}
info: [Petición] GET /api/location {"timestamp":"2025-05-21 23:46:31"}
info: Servidor iniciado en el puerto 3940 {"timestamp":"2025-05-21 23:50:52"}
info: ✅ Conectado a MongoDB correctamente {"timestamp":"2025-05-21 23:50:52"}
info: Servidor iniciado en el puerto 3940 {"timestamp":"2025-05-21 23:50:55"}
info: ✅ Conectado a MongoDB correctamente {"timestamp":"2025-05-21 23:50:55"}
info: Servidor iniciado en el puerto 3940 {"timestamp":"2025-05-21 23:51:16"}
info: ✅ Conectado a MongoDB correctamente {"timestamp":"2025-05-21 23:51:16"}
info: [Petición] GET /api/location {"timestamp":"2025-05-21 23:51:19"}
info: [Petición] POST /api/location {"timestamp":"2025-05-21 23:51:40"}
info: 🔐 Usuario autenticado correctamente: 679a9a7ec0fd31f8046370ac {"timestamp":"2025-05-21 23:51:40"}
error: 🔥 Uncaught Exception: ENOENT: no such file or directory, mkdir '/uploads/locations'
Error: ENOENT: no such file or directory, mkdir '/uploads/locations'
    at Object.mkdirSync (node:fs:1391:3)
    at DiskStorage.destination [as getDestination] (file:///Users/ignaciodiaz/Documents/proyectos/lupulos-api/lupulos-app/src/routes/locationRoutes.js:35:10)
    at DiskStorage._handleFile (/Users/ignaciodiaz/Documents/proyectos/lupulos-api/lupulos-app/node_modules/multer/storage/disk.js:31:8)
    at /Users/ignaciodiaz/Documents/proyectos/lupulos-api/lupulos-app/node_modules/multer/lib/make-middleware.js:137:17
    at allowAll (/Users/ignaciodiaz/Documents/proyectos/lupulos-api/lupulos-app/node_modules/multer/index.js:8:3)
    at wrappedFileFilter (/Users/ignaciodiaz/Documents/proyectos/lupulos-api/lupulos-app/node_modules/multer/index.js:44:7)
    at Multipart.<anonymous> (/Users/ignaciodiaz/Documents/proyectos/lupulos-api/lupulos-app/node_modules/multer/lib/make-middleware.js:107:7)
    at Multipart.emit (node:events:517:28)
    at HeaderParser.cb (/Users/ignaciodiaz/Documents/proyectos/lupulos-api/lupulos-app/node_modules/busboy/lib/types/multipart.js:358:14)
    at HeaderParser.push (/Users/ignaciodiaz/Documents/proyectos/lupulos-api/lupulos-app/node_modules/busboy/lib/types/multipart.js:162:20) {"timestamp":"2025-05-21 23:51:40"}
info: [Petición] POST /api/location {"timestamp":"2025-05-21 23:57:12"}
info: 🔐 Usuario autenticado correctamente: 679a9a7ec0fd31f8046370ac {"timestamp":"2025-05-21 23:57:12"}
error: 🔥 Uncaught Exception: ENOENT: no such file or directory, mkdir '/uploads/locations'
Error: ENOENT: no such file or directory, mkdir '/uploads/locations'
    at Object.mkdirSync (node:fs:1391:3)
    at DiskStorage.destination [as getDestination] (file:///Users/ignaciodiaz/Documents/proyectos/lupulos-api/lupulos-app/src/routes/locationRoutes.js:35:10)
    at DiskStorage._handleFile (/Users/ignaciodiaz/Documents/proyectos/lupulos-api/lupulos-app/node_modules/multer/storage/disk.js:31:8)
    at /Users/ignaciodiaz/Documents/proyectos/lupulos-api/lupulos-app/node_modules/multer/lib/make-middleware.js:137:17
    at allowAll (/Users/ignaciodiaz/Documents/proyectos/lupulos-api/lupulos-app/node_modules/multer/index.js:8:3)
    at wrappedFileFilter (/Users/ignaciodiaz/Documents/proyectos/lupulos-api/lupulos-app/node_modules/multer/index.js:44:7)
    at Multipart.<anonymous> (/Users/ignaciodiaz/Documents/proyectos/lupulos-api/lupulos-app/node_modules/multer/lib/make-middleware.js:107:7)
    at Multipart.emit (node:events:517:28)
    at HeaderParser.cb (/Users/ignaciodiaz/Documents/proyectos/lupulos-api/lupulos-app/node_modules/busboy/lib/types/multipart.js:358:14)
    at HeaderParser.push (/Users/ignaciodiaz/Documents/proyectos/lupulos-api/lupulos-app/node_modules/busboy/lib/types/multipart.js:162:20) {"timestamp":"2025-05-21 23:57:12"}
