info: [Petición] GET /api/beer {"timestamp":"2025-06-12 00:36:54"}
info: 🔍 GET /api/beer → 0 cervezas encontradas {"timestamp":"2025-06-12 00:36:54"}
info: [Petición] GET /api/beer {"timestamp":"2025-06-12 00:37:00"}
info: 🔍 GET /api/beer → 0 cervezas encontradas {"timestamp":"2025-06-12 00:37:00"}
info: [Petición] GET /api/beer {"timestamp":"2025-06-12 00:37:07"}
info: 🔍 GET /api/beer → 0 cervezas encontradas {"timestamp":"2025-06-12 00:37:07"}
info: [Petición] GET /api/beer {"timestamp":"2025-06-12 00:37:12"}
info: 🔍 GET /api/beer → 0 cervezas encontradas {"timestamp":"2025-06-12 00:37:12"}
info: Servidor iniciado en el puerto 3940 {"timestamp":"2025-06-12 00:46:12"}
info: ✅ Conectado a MongoDB correctamente {"timestamp":"2025-06-12 00:46:12"}
info: [Petición] GET /api/beer {"timestamp":"2025-06-12 00:49:00"}
info: 🔍 GET /api/beer → 0 cervezas encontradas {"timestamp":"2025-06-12 00:49:01"}
info: [Petición] GET /api/beer {"timestamp":"2025-06-12 00:49:16"}
info: 🔍 GET /api/beer → 0 cervezas encontradas {"timestamp":"2025-06-12 00:49:16"}
info: [Petición] GET /api/beer {"timestamp":"2025-06-12 00:49:42"}
info: 🔍 GET /api/beer → 0 cervezas encontradas {"timestamp":"2025-06-12 00:49:42"}
info: [Petición] GET /api/beer {"timestamp":"2025-06-12 00:49:44"}
info: 🔍 GET /api/beer → 0 cervezas encontradas {"timestamp":"2025-06-12 00:49:44"}
info: [Petición] GET /api/beer {"timestamp":"2025-06-12 00:49:52"}
info: 🔍 GET /api/beer → 0 cervezas encontradas {"timestamp":"2025-06-12 00:49:52"}
info: [Petición] GET /api/beer {"timestamp":"2025-06-12 00:49:55"}
info: 🔍 GET /api/beer → 0 cervezas encontradas {"timestamp":"2025-06-12 00:49:55"}
info: [Petición] GET /api/api/beer {"timestamp":"2025-06-12 00:55:44"}
info: [Petición] GET /api/api/beer {"timestamp":"2025-06-12 00:55:47"}
info: [Petición] GET /api/api/beer {"timestamp":"2025-06-12 00:55:51"}
info: [Petición] GET /api/api/beer {"timestamp":"2025-06-12 00:56:10"}
info: [Petición] GET /api/api/beer {"timestamp":"2025-06-12 00:56:27"}
info: [Petición] GET /api/api/beer {"timestamp":"2025-06-12 00:56:43"}
info: [Petición] GET /api/api/beer {"timestamp":"2025-06-12 00:57:59"}
info: [Petición] GET /api/beer/680baa1b009ac0d8120f1f3b {"timestamp":"2025-06-12 19:06:24"}
info: [Petición] GET /.well-known/appspecific/com.chrome.devtools.json {"timestamp":"2025-06-12 19:06:24"}
info: [Petición] GET /favicon.ico {"timestamp":"2025-06-12 19:06:24"}
info: [Petición] GET /api/beer/680baa1b009ac0d8120f1f3b {"timestamp":"2025-06-12 19:06:25"}
info: [Petición] GET /.well-known/appspecific/com.chrome.devtools.json {"timestamp":"2025-06-12 19:06:25"}
info: [Petición] GET /api/beer/680baa1b009ac0d8120f1f3b {"timestamp":"2025-06-12 19:06:26"}
info: [Petición] GET /.well-known/appspecific/com.chrome.devtools.json {"timestamp":"2025-06-12 19:06:26"}
info: [Petición] GET /api/beer/680baa1b009ac0d8120f1f3b {"timestamp":"2025-06-12 19:06:30"}
info: [Petición] GET /.well-known/appspecific/com.chrome.devtools.json {"timestamp":"2025-06-12 19:06:30"}
info: [Petición] GET /api/api/beer/680baa1b009ac0d8120f1f3b {"timestamp":"2025-06-12 19:06:36"}
info: [Petición] GET /.well-known/appspecific/com.chrome.devtools.json {"timestamp":"2025-06-12 19:06:36"}
info: [Petición] GET /.well-known/appspecific/com.chrome.devtools.json {"timestamp":"2025-06-12 19:06:39"}
info: Servidor iniciado en el puerto 3940 {"timestamp":"2025-06-12 19:17:56"}
info: ✅ Conectado a MongoDB correctamente {"timestamp":"2025-06-12 19:17:56"}
info: Servidor iniciado en el puerto 3940 {"timestamp":"2025-06-12 21:25:52"}
info: ✅ Conectado a MongoDB correctamente {"timestamp":"2025-06-12 21:25:52"}
