info: [Petición] GET /api/beer {"timestamp":"2025-05-27 00:03:34"}
info: [Petición] GET /api/location {"timestamp":"2025-05-27 00:05:07"}
info: [Petición] GET /api/location {"timestamp":"2025-05-27 00:05:08"}
info: [Petición] GET /api/post {"timestamp":"2025-05-27 00:05:11"}
info: [Petición] GET /api/post {"timestamp":"2025-05-27 00:05:12"}
info: [Petición] GET /api/user {"timestamp":"2025-05-27 00:05:13"}
info: [Petición] GET /api/user {"timestamp":"2025-05-27 00:05:13"}
info: [Petición] POST /api/auth/login {"timestamp":"2025-05-27 00:05:24"}
info: [Petición] GET /api/beer {"timestamp":"2025-05-27 00:05:25"}
info: [Petición] GET /api/beer {"timestamp":"2025-05-27 00:05:25"}
info: [Petición] GET /api/beer {"timestamp":"2025-05-27 00:07:44"}
info: [Petición] GET /api/beer {"timestamp":"2025-05-27 00:07:45"}
info: [Petición] GET /api/beer {"timestamp":"2025-05-27 00:08:09"}
info: [Petición] GET /api/beer {"timestamp":"2025-05-27 00:08:23"}
info: [Petición] GET /api/user {"timestamp":"2025-05-27 00:08:25"}
info: [Petición] GET /api/user {"timestamp":"2025-05-27 00:08:25"}
info: [Petición] GET /api/user {"timestamp":"2025-05-27 00:08:28"}
info: [Petición] GET /api/user {"timestamp":"2025-05-27 00:11:37"}
info: [Petición] GET /api/user {"timestamp":"2025-05-27 00:11:37"}
info: [Petición] GET /api/user {"timestamp":"2025-05-27 00:16:19"}
info: [Petición] GET /api/user {"timestamp":"2025-05-27 00:50:13"}
info: [Petición] GET /api/user {"timestamp":"2025-05-27 00:50:13"}
info: [Petición] GET /api/user {"timestamp":"2025-05-27 00:52:05"}
info: [Petición] GET /api/user {"timestamp":"2025-05-27 00:52:24"}
info: [Petición] GET /api/user {"timestamp":"2025-05-27 00:52:53"}
info: [Petición] GET /api/user {"timestamp":"2025-05-27 00:52:55"}
info: [Petición] GET /api/user {"timestamp":"2025-05-27 00:52:56"}
info: [Petición] GET /api/user {"timestamp":"2025-05-27 00:52:58"}
info: [Petición] GET /api/user {"timestamp":"2025-05-27 00:53:01"}
info: [Petición] GET /api/user {"timestamp":"2025-05-27 00:53:02"}
info: [Petición] GET /api/user {"timestamp":"2025-05-27 00:53:03"}
info: [Petición] GET /api/user/679a9a7ec0fd31f8046370ac {"timestamp":"2025-05-27 00:53:09"}
info: [Petición] GET /api/user/679a9a7ec0fd31f8046370ac {"timestamp":"2025-05-27 00:53:09"}
info: [Petición] GET /api/user {"timestamp":"2025-05-27 00:53:12"}
info: [Petición] GET /api/user {"timestamp":"2025-05-27 00:53:12"}
info: [Petición] GET /api/user/679a9a7ec0fd31f8046370ac {"timestamp":"2025-05-27 00:53:14"}
info: [Petición] GET /api/user/679a9a7ec0fd31f8046370ac {"timestamp":"2025-05-27 00:53:14"}
info: [Petición] GET /api/user {"timestamp":"2025-05-27 00:53:16"}
info: [Petición] GET /api/user {"timestamp":"2025-05-27 00:53:16"}
info: [Petición] GET /api/user {"timestamp":"2025-05-27 00:57:06"}
info: [Petición] GET /api/user {"timestamp":"2025-05-27 01:10:36"}
info: [Petición] GET /api/user {"timestamp":"2025-05-27 01:10:45"}
info: [Petición] GET /api/user/679a9a7ec0fd31f8046370ac {"timestamp":"2025-05-27 01:18:37"}
info: [Petición] GET /api/user/679a9a7ec0fd31f8046370ac {"timestamp":"2025-05-27 01:18:37"}
info: [Petición] GET /api/user/679a9a7ec0fd31f8046370ac {"timestamp":"2025-05-27 01:28:50"}
info: [Petición] GET /api/user {"timestamp":"2025-05-27 01:28:59"}
info: [Petición] GET /api/user {"timestamp":"2025-05-27 01:28:59"}
info: [Petición] GET /api/user/679a9a7ec0fd31f8046370ac {"timestamp":"2025-05-27 01:29:02"}
info: [Petición] GET /api/user/679a9a7ec0fd31f8046370ac {"timestamp":"2025-05-27 01:29:02"}
info: [Petición] GET /api/user {"timestamp":"2025-05-27 01:29:05"}
info: [Petición] GET /api/user {"timestamp":"2025-05-27 01:29:05"}
info: [Petición] POST /api/auth/login {"timestamp":"2025-05-27 01:29:18"}
info: [Petición] GET /api/beer {"timestamp":"2025-05-27 01:29:18"}
info: [Petición] GET /api/beer {"timestamp":"2025-05-27 01:29:18"}
info: Servidor iniciado en el puerto 3940 {"timestamp":"2025-05-27 01:36:51"}
info: ✅ MongoDB conectado: localhost {"timestamp":"2025-05-27 01:36:51"}
info: Servidor iniciado en el puerto 3940 {"timestamp":"2025-05-27 02:14:09"}
info: ✅ MongoDB conectado: localhost {"timestamp":"2025-05-27 02:14:09"}
info: Servidor iniciado en el puerto 3940 {"timestamp":"2025-05-27 02:17:29"}
info: ✅ MongoDB conectado: localhost {"timestamp":"2025-05-27 02:17:29"}
info: Servidor iniciado en el puerto 3940 {"timestamp":"2025-05-27 02:17:49"}
info: ✅ MongoDB conectado: localhost {"timestamp":"2025-05-27 02:17:49"}
info: Servidor iniciado en el puerto 3940 {"timestamp":"2025-05-27 02:19:16"}
info: ✅ MongoDB conectado: localhost {"timestamp":"2025-05-27 02:19:16"}
info: Servidor iniciado en el puerto 3940 {"timestamp":"2025-05-27 02:19:41"}
info: ✅ MongoDB conectado: localhost {"timestamp":"2025-05-27 02:19:41"}
info: Servidor iniciado en el puerto 3940 {"timestamp":"2025-05-27 02:19:52"}
info: ✅ MongoDB conectado: localhost {"timestamp":"2025-05-27 02:19:52"}
info: Servidor iniciado en el puerto 3940 {"timestamp":"2025-05-27 02:20:18"}
info: ✅ MongoDB conectado: localhost {"timestamp":"2025-05-27 02:20:18"}
info: Servidor iniciado en el puerto 3940 {"timestamp":"2025-05-27 02:20:29"}
info: ✅ MongoDB conectado: localhost {"timestamp":"2025-05-27 02:20:29"}
info: Servidor iniciado en el puerto 3940 {"timestamp":"2025-05-27 02:22:46"}
info: ✅ MongoDB conectado: localhost {"timestamp":"2025-05-27 02:22:46"}
info: Servidor iniciado en el puerto 3940 {"timestamp":"2025-05-27 02:23:05"}
info: ✅ MongoDB conectado: localhost {"timestamp":"2025-05-27 02:23:05"}
info: Servidor iniciado en el puerto 3940 {"timestamp":"2025-05-27 02:26:26"}
info: ✅ MongoDB conectado: localhost {"timestamp":"2025-05-27 02:26:26"}
info: Servidor iniciado en el puerto 3940 {"timestamp":"2025-05-27 02:26:34"}
info: ✅ MongoDB conectado: localhost {"timestamp":"2025-05-27 02:26:34"}
info: Servidor iniciado en el puerto 3940 {"timestamp":"2025-05-27 02:26:35"}
info: ✅ MongoDB conectado: localhost {"timestamp":"2025-05-27 02:26:35"}
info: [Petición] GET /api/user {"timestamp":"2025-05-27 02:28:45"}
info: [Petición] POST /api/auth/login {"timestamp":"2025-05-27 02:28:55"}
info: [Petición] GET /api/beer {"timestamp":"2025-05-27 02:28:58"}
info: [Petición] GET /api/beer {"timestamp":"2025-05-27 02:28:58"}
info: [Petición] GET /api/beer {"timestamp":"2025-05-27 02:34:57"}
info: [Petición] GET /api/beer {"timestamp":"2025-05-27 02:38:08"}
info: [Petición] GET /api/beer {"timestamp":"2025-05-27 02:38:22"}
info: [Petición] GET /api/beer {"timestamp":"2025-05-27 02:38:27"}
info: [Petición] GET /api/user {"timestamp":"2025-05-27 02:38:28"}
info: [Petición] GET /api/user {"timestamp":"2025-05-27 02:38:28"}
info: [Petición] GET /api/user/679bf02c60de95e560a690b3 {"timestamp":"2025-05-27 02:38:35"}
info: [Petición] GET /api/user/679bf02c60de95e560a690b3 {"timestamp":"2025-05-27 02:38:35"}
info: [Petición] POST /api/follow/679bf02c60de95e560a690b3/follow {"timestamp":"2025-05-27 02:38:40"}
info: 🔐 Usuario autenticado correctamente: 679a9a7ec0fd31f8046370ac {"timestamp":"2025-05-27 02:38:40"}
info: [Petición] GET /api/user/679bf02c60de95e560a690b3 {"timestamp":"2025-05-27 02:38:40"}
info: [Petición] GET /api/user/679bf02c60de95e560a690b3 {"timestamp":"2025-05-27 02:38:43"}
info: [Petición] GET /api/user {"timestamp":"2025-05-27 02:38:45"}
info: [Petición] GET /api/user {"timestamp":"2025-05-27 02:38:45"}
info: Servidor iniciado en el puerto 3940 {"timestamp":"2025-05-27 02:40:29"}
info: ✅ MongoDB conectado: localhost {"timestamp":"2025-05-27 02:40:29"}
info: Servidor iniciado en el puerto 3940 {"timestamp":"2025-05-27 02:40:39"}
info: ✅ MongoDB conectado: localhost {"timestamp":"2025-05-27 02:40:39"}
info: [Petición] GET /api/user {"timestamp":"2025-05-27 02:41:24"}
info: [Petición] GET /api/user {"timestamp":"2025-05-27 02:41:36"}
info: [Petición] GET /api/user {"timestamp":"2025-05-27 02:41:38"}
info: [Petición] GET /api/user {"timestamp":"2025-05-27 02:42:32"}
info: [Petición] GET /api/user {"timestamp":"2025-05-27 02:42:37"}
info: [Petición] GET /api/user {"timestamp":"2025-05-27 02:42:39"}
info: [Petición] POST /api/auth/login {"timestamp":"2025-05-27 02:49:39"}
info: [Petición] GET /api/beer {"timestamp":"2025-05-27 02:49:39"}
info: [Petición] GET /api/beer {"timestamp":"2025-05-27 02:49:40"}
info: [Petición] GET /api/beer {"timestamp":"2025-05-27 02:50:33"}
info: [Petición] GET /api/beer {"timestamp":"2025-05-27 02:50:40"}
info: [Petición] GET /api/beer {"timestamp":"2025-05-27 02:52:23"}
info: [Petición] GET /api/beer {"timestamp":"2025-05-27 02:52:34"}
info: [Petición] GET /api/beer {"timestamp":"2025-05-27 02:53:01"}
info: Servidor iniciado en el puerto 3940 {"timestamp":"2025-05-27 02:56:58"}
info: ✅ MongoDB conectado: localhost {"timestamp":"2025-05-27 02:56:58"}
info: [Petición] GET /api/beer {"timestamp":"2025-05-27 02:57:01"}
info: [Petición] GET /api/beer {"timestamp":"2025-05-27 02:57:05"}
info: [Petición] GET /api/beer {"timestamp":"2025-05-27 02:57:07"}
info: [Petición] GET /api/beer {"timestamp":"2025-05-27 03:03:02"}
info: Servidor iniciado en el puerto 3940 {"timestamp":"2025-05-27 03:03:10"}
info: ✅ MongoDB conectado: localhost {"timestamp":"2025-05-27 03:03:10"}
info: [Petición] GET /api/beer {"timestamp":"2025-05-27 03:03:23"}
info: Servidor iniciado en el puerto 3940 {"timestamp":"2025-05-27 03:04:01"}
info: ✅ MongoDB conectado: localhost {"timestamp":"2025-05-27 03:04:01"}
info: Servidor iniciado en el puerto 3940 {"timestamp":"2025-05-27 03:04:02"}
info: ✅ MongoDB conectado: localhost {"timestamp":"2025-05-27 03:04:02"}
info: Servidor iniciado en el puerto 3940 {"timestamp":"2025-05-27 03:04:03"}
info: ✅ MongoDB conectado: localhost {"timestamp":"2025-05-27 03:04:03"}
info: [Petición] GET /api/beer {"timestamp":"2025-05-27 03:04:13"}
info: [Petición] GET /api/beer {"timestamp":"2025-05-27 03:10:14"}
info: [Petición] GET /api/beer {"timestamp":"2025-05-27 03:10:14"}
info: [Petición] GET /api/beer {"timestamp":"2025-05-27 03:10:21"}
info: [Petición] GET /api/beer {"timestamp":"2025-05-27 03:10:21"}
info: [Petición] GET /api/user {"timestamp":"2025-05-27 03:11:01"}
info: [Petición] GET /api/user {"timestamp":"2025-05-27 03:11:01"}
info: [Petición] GET /api/user/679bf02c60de95e560a690b3 {"timestamp":"2025-05-27 03:11:04"}
info: [Petición] GET /api/user/679bf02c60de95e560a690b3 {"timestamp":"2025-05-27 03:11:04"}
info: [Petición] GET /api/user/679bf02c60de95e560a690b3 {"timestamp":"2025-05-27 03:11:46"}
info: [Petición] GET /api/user/679bf02c60de95e560a690b3 {"timestamp":"2025-05-27 03:11:47"}
info: [Petición] GET /api/user/679bf02c60de95e560a690b3 {"timestamp":"2025-05-27 03:11:50"}
info: [Petición] GET /api/user/679bf02c60de95e560a690b3 {"timestamp":"2025-05-27 03:11:50"}
info: [Petición] GET /api/user/679bf02c60de95e560a690b3 {"timestamp":"2025-05-27 03:11:52"}
info: [Petición] GET /api/user/679bf02c60de95e560a690b3 {"timestamp":"2025-05-27 03:11:52"}
info: [Petición] GET /api/user/679bf02c60de95e560a690b3 {"timestamp":"2025-05-27 03:11:55"}
info: [Petición] GET /api/user/679bf02c60de95e560a690b3 {"timestamp":"2025-05-27 03:11:55"}
info: [Petición] GET /api/user/679bf02c60de95e560a690b3 {"timestamp":"2025-05-27 03:12:58"}
info: [Petición] GET /api/user/679bf02c60de95e560a690b3 {"timestamp":"2025-05-27 03:13:16"}
info: [Petición] POST /api/auth/login {"timestamp":"2025-05-27 03:13:30"}
info: [Petición] GET /api/beer {"timestamp":"2025-05-27 03:13:30"}
info: [Petición] GET /api/beer {"timestamp":"2025-05-27 03:13:30"}
info: Servidor iniciado en el puerto 3940 {"timestamp":"2025-05-27 03:17:12"}
info: ✅ MongoDB conectado: localhost {"timestamp":"2025-05-27 03:17:12"}
info: [Petición] GET /api/beer {"timestamp":"2025-05-27 03:17:16"}
info: [Petición] GET /api/beer {"timestamp":"2025-05-27 03:24:06"}
info: [Petición] GET /api/beer {"timestamp":"2025-05-27 03:28:36"}
info: [Petición] GET /api/beer {"timestamp":"2025-05-27 03:31:03"}
info: [Petición] GET /api/beer {"timestamp":"2025-05-27 03:32:52"}
info: [Petición] GET /api/user {"timestamp":"2025-05-27 03:32:53"}
info: [Petición] GET /api/user {"timestamp":"2025-05-27 03:32:53"}
info: [Petición] GET /api/user/679a9a7ec0fd31f8046370ac {"timestamp":"2025-05-27 03:32:55"}
info: [Petición] GET /api/user/679a9a7ec0fd31f8046370ac {"timestamp":"2025-05-27 03:32:55"}
info: [Petición] GET /api/user {"timestamp":"2025-05-27 03:33:02"}
info: [Petición] GET /api/user {"timestamp":"2025-05-27 03:33:02"}
info: [Petición] GET /api/user/6808838bcb30b200868b267f {"timestamp":"2025-05-27 03:33:05"}
info: [Petición] GET /api/user/6808838bcb30b200868b267f {"timestamp":"2025-05-27 03:33:05"}
info: [Petición] POST /api/follow/6808838bcb30b200868b267f/follow {"timestamp":"2025-05-27 03:33:06"}
info: [Petición] POST /api/follow/6808838bcb30b200868b267f/follow {"timestamp":"2025-05-27 03:33:08"}
info: [Petición] GET /api/user/6808838bcb30b200868b267f {"timestamp":"2025-05-27 03:33:09"}
info: [Petición] POST /api/follow/6808838bcb30b200868b267f/follow {"timestamp":"2025-05-27 03:33:10"}
warn: ⚠️ Conexión a MongoDB perdida {"timestamp":"2025-05-27 06:22:59"}
info: 🔄 MongoDB reconectado {"timestamp":"2025-05-27 06:23:09"}
info: Servidor iniciado en el puerto 3940 {"timestamp":"2025-05-27 08:22:03"}
info: ✅ MongoDB conectado: localhost {"timestamp":"2025-05-27 08:22:03"}
info: [Petición] GET /api/user/6808838bcb30b200868b267f {"timestamp":"2025-05-27 08:22:05"}
info: [Petición] GET /api/user/6808838bcb30b200868b267f {"timestamp":"2025-05-27 08:22:07"}
info: [Petición] POST /api/follow/6808838bcb30b200868b267f/follow {"timestamp":"2025-05-27 08:22:08"}
error: ❌ Error de autenticación: jwt expired {"timestamp":"2025-05-27 08:22:08"}
info: [Petición] POST /api/follow/6808838bcb30b200868b267f/follow {"timestamp":"2025-05-27 08:22:10"}
error: ❌ Error de autenticación: jwt expired {"timestamp":"2025-05-27 08:22:10"}
info: [Petición] POST /api/follow/6808838bcb30b200868b267f/follow {"timestamp":"2025-05-27 08:22:12"}
error: ❌ Error de autenticación: jwt expired {"timestamp":"2025-05-27 08:22:12"}
info: [Petición] POST /api/follow/6808838bcb30b200868b267f/follow {"timestamp":"2025-05-27 08:22:12"}
error: ❌ Error de autenticación: jwt expired {"timestamp":"2025-05-27 08:22:12"}
info: [Petición] GET /api/user {"timestamp":"2025-05-27 08:22:18"}
info: [Petición] GET /api/user {"timestamp":"2025-05-27 08:22:18"}
info: [Petición] GET /api/user {"timestamp":"2025-05-27 08:22:22"}
info: [Petición] GET /api/user {"timestamp":"2025-05-27 08:22:24"}
info: Servidor iniciado en el puerto 3940 {"timestamp":"2025-05-27 08:24:22"}
info: ✅ MongoDB conectado: localhost {"timestamp":"2025-05-27 08:24:22"}
info: [Petición] GET /api/user {"timestamp":"2025-05-27 08:25:30"}
info: [Petición] GET /api/user {"timestamp":"2025-05-27 08:27:12"}
info: [Petición] GET /api/user {"timestamp":"2025-05-27 08:27:19"}
info: Servidor iniciado en el puerto 3940 {"timestamp":"2025-05-27 10:59:31"}
info: ✅ MongoDB conectado: localhost {"timestamp":"2025-05-27 10:59:31"}
info: Servidor iniciado en el puerto 3940 {"timestamp":"2025-05-27 10:59:32"}
info: ✅ MongoDB conectado: localhost {"timestamp":"2025-05-27 10:59:32"}
info: Servidor iniciado en el puerto 3940 {"timestamp":"2025-05-27 10:59:33"}
info: ✅ MongoDB conectado: localhost {"timestamp":"2025-05-27 10:59:33"}
info: Servidor iniciado en el puerto 3940 {"timestamp":"2025-05-27 10:59:34"}
info: ✅ MongoDB conectado: localhost {"timestamp":"2025-05-27 10:59:34"}
info: Servidor iniciado en el puerto 3940 {"timestamp":"2025-05-27 10:59:40"}
info: ✅ MongoDB conectado: localhost {"timestamp":"2025-05-27 10:59:40"}
info: [Petición] POST /api/auth/login {"timestamp":"2025-05-27 11:00:04"}
info: [Petición] POST /api/auth/login {"timestamp":"2025-05-27 11:00:08"}
info: [Petición] GET /api/beer {"timestamp":"2025-05-27 11:00:11"}
info: [Petición] GET /api/beer {"timestamp":"2025-05-27 11:00:11"}
info: [Petición] GET /api/beer {"timestamp":"2025-05-27 11:06:56"}
info: [Petición] GET /api/beer {"timestamp":"2025-05-27 11:06:59"}
info: [Petición] GET /api/beer {"timestamp":"2025-05-27 11:07:01"}
info: [Petición] GET /api/beer {"timestamp":"2025-05-27 11:07:01"}
info: [Petición] GET /api/beer {"timestamp":"2025-05-27 11:09:53"}
info: [Petición] GET /api/beer {"timestamp":"2025-05-27 11:13:23"}
info: [Petición] GET /api/beer {"timestamp":"2025-05-27 11:13:32"}
info: [Petición] POST /api/auth/login {"timestamp":"2025-05-27 11:13:46"}
info: [Petición] GET /api/beer {"timestamp":"2025-05-27 11:13:47"}
info: [Petición] GET /api/beer {"timestamp":"2025-05-27 11:13:47"}
info: [Petición] GET /api/location {"timestamp":"2025-05-27 11:13:51"}
info: [Petición] GET /api/location {"timestamp":"2025-05-27 11:13:51"}
info: [Petición] GET /api/post {"timestamp":"2025-05-27 11:13:55"}
info: [Petición] GET /api/post {"timestamp":"2025-05-27 11:13:55"}
info: [Petición] GET /api/user {"timestamp":"2025-05-27 11:14:00"}
info: [Petición] GET /api/user {"timestamp":"2025-05-27 11:14:00"}
info: [Petición] GET /api/user/679a9a7ec0fd31f8046370ac {"timestamp":"2025-05-27 11:15:22"}
info: [Petición] GET /api/user/679a9a7ec0fd31f8046370ac {"timestamp":"2025-05-27 11:15:22"}
info: [Petición] GET /api/user/679a9a7ec0fd31f8046370ac {"timestamp":"2025-05-27 11:28:33"}
info: [Petición] GET /api/user/Nacho%20D%C3%ADaz {"timestamp":"2025-05-27 11:28:39"}
info: [Petición] GET /api/user/Nacho%20D%C3%ADaz {"timestamp":"2025-05-27 11:28:39"}
info: [Petición] POST /api/auth/login {"timestamp":"2025-05-27 11:28:50"}
info: [Petición] GET /api/beer {"timestamp":"2025-05-27 11:28:50"}
info: [Petición] GET /api/beer {"timestamp":"2025-05-27 11:28:51"}
info: [Petición] GET /api/user/Nacho%20D%C3%ADaz {"timestamp":"2025-05-27 11:28:52"}
info: [Petición] GET /api/user/Nacho%20D%C3%ADaz {"timestamp":"2025-05-27 11:28:52"}
info: [Petición] GET /api/user/Nacho%20D%C3%ADaz {"timestamp":"2025-05-27 11:29:43"}
info: [Petición] GET /api/user/Nacho%20D%C3%ADaz {"timestamp":"2025-05-27 11:30:52"}
info: [Petición] GET /api/user/Nacho%20D%C3%ADaz {"timestamp":"2025-05-27 11:30:53"}
info: [Petición] GET /api/user/Nacho%20D%C3%ADaz {"timestamp":"2025-05-27 11:30:59"}
info: [Petición] GET /api/user/Nacho%20D%C3%ADaz {"timestamp":"2025-05-27 11:31:24"}
info: [Petición] GET /api/user/Nacho%20D%C3%ADaz {"timestamp":"2025-05-27 11:31:37"}
info: [Petición] GET /api/user/Nacho%20D%C3%ADaz {"timestamp":"2025-05-27 11:31:39"}
info: [Petición] GET /api/user/Nacho%20D%C3%ADaz {"timestamp":"2025-05-27 11:32:11"}
info: [Petición] GET /api/user/Nacho%20D%C3%ADaz {"timestamp":"2025-05-27 11:32:12"}
info: [Petición] POST /api/auth/login {"timestamp":"2025-05-27 11:33:31"}
info: [Petición] GET /api/beer {"timestamp":"2025-05-27 11:33:32"}
info: [Petición] GET /api/beer {"timestamp":"2025-05-27 11:33:32"}
info: [Petición] GET /api/user/679a9a7ec0fd31f8046370ac {"timestamp":"2025-05-27 11:33:33"}
info: [Petición] GET /api/user/679a9a7ec0fd31f8046370ac {"timestamp":"2025-05-27 11:33:33"}
info: [Petición] POST /api/auth/login {"timestamp":"2025-05-27 11:34:16"}
info: [Petición] GET /api/beer {"timestamp":"2025-05-27 11:34:16"}
info: [Petición] GET /api/beer {"timestamp":"2025-05-27 11:34:16"}
info: [Petición] GET /api/beer {"timestamp":"2025-05-27 11:34:22"}
info: [Petición] GET /api/beer {"timestamp":"2025-05-27 11:44:00"}
info: [Petición] GET /api/beer {"timestamp":"2025-05-27 11:44:09"}
info: [Petición] GET /api/beer {"timestamp":"2025-05-27 11:45:39"}
info: [Petición] GET /api/auth/perfil/679a9a7ec0fd31f8046370ac {"timestamp":"2025-05-27 11:52:36"}
info: [Petición] GET /api/auth/perfil/679a9a7ec0fd31f8046370ac {"timestamp":"2025-05-27 11:52:36"}
warn: ⚠️ Conexión a MongoDB perdida {"timestamp":"2025-05-27 13:12:42"}
info: 🔄 MongoDB reconectado {"timestamp":"2025-05-27 13:12:52"}
warn: ⚠️ Conexión a MongoDB perdida {"timestamp":"2025-05-27 17:15:54"}
info: 🔄 MongoDB reconectado {"timestamp":"2025-05-27 17:16:04"}
info: [Petición] POST /api/auth/login {"timestamp":"2025-05-27 17:36:05"}
info: [Petición] GET /api/beer {"timestamp":"2025-05-27 17:36:06"}
info: [Petición] GET /api/beer {"timestamp":"2025-05-27 17:36:06"}
info: [Petición] GET /api/user {"timestamp":"2025-05-27 17:36:11"}
info: [Petición] GET /api/user {"timestamp":"2025-05-27 17:36:11"}
info: [Petición] GET /api/user {"timestamp":"2025-05-27 17:41:56"}
info: [Petición] GET /api/user {"timestamp":"2025-05-27 17:41:57"}
info: [Petición] GET /api/user/679a9a7ec0fd31f8046370ac {"timestamp":"2025-05-27 17:41:58"}
info: [Petición] GET /api/user/679a9a7ec0fd31f8046370ac {"timestamp":"2025-05-27 17:41:59"}
info: [Petición] GET /api/user {"timestamp":"2025-05-27 17:41:59"}
info: [Petición] GET /api/user {"timestamp":"2025-05-27 17:41:59"}
info: [Petición] GET /api/user/679a9a7ec0fd31f8046370ac {"timestamp":"2025-05-27 17:42:02"}
info: [Petición] GET /api/user/679a9a7ec0fd31f8046370ac {"timestamp":"2025-05-27 17:42:02"}
info: [Petición] GET /api/user {"timestamp":"2025-05-27 17:42:03"}
info: [Petición] GET /api/user {"timestamp":"2025-05-27 17:42:03"}
info: [Petición] GET /api/user {"timestamp":"2025-05-27 17:42:11"}
info: [Petición] GET /api/user/679a9a7ec0fd31f8046370ac {"timestamp":"2025-05-27 17:42:12"}
info: [Petición] GET /api/user/679a9a7ec0fd31f8046370ac {"timestamp":"2025-05-27 17:42:12"}
info: [Petición] GET /api/user {"timestamp":"2025-05-27 17:42:13"}
info: [Petición] GET /api/user {"timestamp":"2025-05-27 17:42:13"}
warn: ⚠️ Conexión a MongoDB perdida {"timestamp":"2025-05-27 18:13:56"}
info: 🔄 MongoDB reconectado {"timestamp":"2025-05-27 18:14:06"}
info: [Petición] GET /api/user {"timestamp":"2025-05-27 18:15:58"}
info: [Petición] GET /api/user {"timestamp":"2025-05-27 18:17:14"}
info: [Petición] GET /api/user {"timestamp":"2025-05-27 18:31:47"}
info: [Petición] GET /api/user {"timestamp":"2025-05-27 18:32:28"}
info: [Petición] POST /api/auth/login {"timestamp":"2025-05-27 18:32:46"}
info: [Petición] GET /api/beer {"timestamp":"2025-05-27 18:32:47"}
info: [Petición] GET /api/beer {"timestamp":"2025-05-27 18:32:47"}
info: [Petición] GET /api/beer/682f1e5aecb494ebae30cb3d {"timestamp":"2025-05-27 18:32:54"}
info: [Petición] GET /api/beer/682f1e5aecb494ebae30cb3d {"timestamp":"2025-05-27 18:32:54"}
info: [Petición] GET /api/beer {"timestamp":"2025-05-27 18:33:00"}
info: [Petición] GET /api/beer {"timestamp":"2025-05-27 18:33:00"}
info: [Petición] GET /api/location {"timestamp":"2025-05-27 18:33:05"}
info: [Petición] GET /api/location {"timestamp":"2025-05-27 18:33:05"}
info: [Petición] GET /api/location/681122b90da963f900e8fd5c {"timestamp":"2025-05-27 18:33:09"}
info: [Petición] GET /api/post {"timestamp":"2025-05-27 18:33:18"}
info: [Petición] GET /api/post {"timestamp":"2025-05-27 18:33:18"}
info: [Petición] GET /api/post/6811c8002e3ae6f06f626a0b {"timestamp":"2025-05-27 18:33:23"}
info: [Petición] GET /api/post/6811c8002e3ae6f06f626a0b/comentarios {"timestamp":"2025-05-27 18:33:23"}
info: [Petición] GET /api/post/6811c8002e3ae6f06f626a0b/comentarios {"timestamp":"2025-05-27 18:33:23"}
info: [Petición] GET /api/post/6811c8002e3ae6f06f626a0b {"timestamp":"2025-05-27 18:33:23"}
info: [Petición] GET /api/user {"timestamp":"2025-05-27 18:33:29"}
info: [Petición] GET /api/user {"timestamp":"2025-05-27 18:33:29"}
info: [Petición] GET /api/user {"timestamp":"2025-05-27 18:36:14"}
info: [Petición] GET /api/user {"timestamp":"2025-05-27 18:39:18"}
info: [Petición] GET /api/user {"timestamp":"2025-05-27 18:39:19"}
info: [Petición] GET /api/user {"timestamp":"2025-05-27 18:39:19"}
info: Servidor iniciado en el puerto 3940 {"timestamp":"2025-05-27 18:39:46"}
info: ✅ MongoDB conectado: localhost {"timestamp":"2025-05-27 18:39:46"}
info: [Petición] GET /api/auth/perfil/679a9a7ec0fd31f8046370ac {"timestamp":"2025-05-27 18:42:00"}
info: [Petición] GET /api/auth/perfil/679a9a7ec0fd31f8046370ac {"timestamp":"2025-05-27 18:42:00"}
info: [Petición] GET /api/auth/perfil/679a9a7ec0fd31f8046370ac {"timestamp":"2025-05-27 18:42:06"}
info: [Petición] GET /api/auth/perfil/679a9a7ec0fd31f8046370ac {"timestamp":"2025-05-27 18:42:27"}
info: [Petición] GET /api/auth/perfil/679a9a7ec0fd31f8046370ac {"timestamp":"2025-05-27 18:43:49"}
info: [Petición] GET /api/auth/perfil/679a9a7ec0fd31f8046370ac {"timestamp":"2025-05-27 18:43:51"}
info: [Petición] POST /api/auth/login {"timestamp":"2025-05-27 18:44:00"}
info: [Petición] GET /api/beer {"timestamp":"2025-05-27 18:44:02"}
info: [Petición] GET /api/beer {"timestamp":"2025-05-27 18:44:02"}
info: [Petición] POST /api/auth/login {"timestamp":"2025-05-27 18:44:19"}
info: [Petición] GET /api/beer {"timestamp":"2025-05-27 18:44:19"}
info: [Petición] GET /api/beer {"timestamp":"2025-05-27 18:44:19"}
info: [Petición] GET /api/auth/perfil/679a9a7ec0fd31f8046370ac {"timestamp":"2025-05-27 18:44:24"}
info: [Petición] GET /api/auth/perfil/679a9a7ec0fd31f8046370ac {"timestamp":"2025-05-27 18:44:24"}
info: [Petición] GET /api/auth/perfil/679a9a7ec0fd31f8046370ac {"timestamp":"2025-05-27 18:45:39"}
info: [Petición] GET /api/auth/perfil/679a9a7ec0fd31f8046370ac {"timestamp":"2025-05-27 18:45:39"}
info: [Petición] GET /api/auth/perfil/679a9a7ec0fd31f8046370ac {"timestamp":"2025-05-27 18:45:40"}
info: [Petición] GET /api/auth/perfil/679a9a7ec0fd31f8046370ac {"timestamp":"2025-05-27 18:45:41"}
info: [Petición] GET /api/auth/perfil/679a9a7ec0fd31f8046370ac {"timestamp":"2025-05-27 18:45:42"}
info: [Petición] GET /api/auth/perfil/679a9a7ec0fd31f8046370ac {"timestamp":"2025-05-27 18:45:43"}
info: [Petición] GET /api/auth/perfil/679a9a7ec0fd31f8046370ac {"timestamp":"2025-05-27 18:45:43"}
info: [Petición] GET /api/auth/perfil/679a9a7ec0fd31f8046370ac {"timestamp":"2025-05-27 18:45:45"}
info: [Petición] POST /api/auth/login {"timestamp":"2025-05-27 18:46:09"}
info: [Petición] GET /api/beer {"timestamp":"2025-05-27 18:46:10"}
info: [Petición] GET /api/beer {"timestamp":"2025-05-27 18:46:10"}
info: [Petición] GET /api/auth/perfil/679a9a7ec0fd31f8046370ac {"timestamp":"2025-05-27 18:46:12"}
info: [Petición] GET /api/auth/perfil/679a9a7ec0fd31f8046370ac {"timestamp":"2025-05-27 18:46:12"}
info: [Petición] PUT /api/auth/perfil/679a9a7ec0fd31f8046370ac {"timestamp":"2025-05-27 18:46:19"}
info: [Petición] GET /api/auth/perfil/679a9a7ec0fd31f8046370ac {"timestamp":"2025-05-27 18:47:44"}
info: [Petición] GET /api/auth/perfil/679a9a7ec0fd31f8046370ac {"timestamp":"2025-05-27 18:47:46"}
info: [Petición] GET /api/auth/perfil/679a9a7ec0fd31f8046370ac {"timestamp":"2025-05-27 18:47:47"}
info: [Petición] GET /api/auth/perfil/679a9a7ec0fd31f8046370ac {"timestamp":"2025-05-27 18:49:23"}
info: [Petición] GET /api/auth/perfil/679a9a7ec0fd31f8046370ac {"timestamp":"2025-05-27 18:49:23"}
info: [Petición] GET /api/auth/perfil/679a9a7ec0fd31f8046370ac {"timestamp":"2025-05-27 18:55:19"}
info: [Petición] GET /api/auth/perfil/679a9a7ec0fd31f8046370ac {"timestamp":"2025-05-27 18:55:20"}
info: [Petición] POST /api/auth/login {"timestamp":"2025-05-27 18:55:26"}
info: [Petición] GET /api/beer {"timestamp":"2025-05-27 18:55:26"}
info: [Petición] GET /api/beer {"timestamp":"2025-05-27 18:55:26"}
info: [Petición] GET /api/auth/perfil/679a9a7ec0fd31f8046370ac {"timestamp":"2025-05-27 18:55:32"}
info: [Petición] GET /api/auth/perfil/679a9a7ec0fd31f8046370ac {"timestamp":"2025-05-27 18:55:32"}
info: [Petición] GET /api/auth/perfil/679a9a7ec0fd31f8046370ac {"timestamp":"2025-05-27 18:57:00"}
info: [Petición] POST /api/auth/login {"timestamp":"2025-05-27 18:58:15"}
info: [Petición] GET /api/beer {"timestamp":"2025-05-27 18:58:15"}
info: [Petición] GET /api/beer {"timestamp":"2025-05-27 18:58:15"}
info: [Petición] GET /api/beer/682c1d7c43d139e895c1d034 {"timestamp":"2025-05-27 18:58:23"}
info: [Petición] GET /api/beer/682c1d7c43d139e895c1d034 {"timestamp":"2025-05-27 18:58:23"}
info: [Petición] GET /api/beer/682c1d7c43d139e895c1d034 {"timestamp":"2025-05-27 19:05:05"}
info: [Petición] GET /api/auth/perfil/679a9a7ec0fd31f8046370ac {"timestamp":"2025-05-27 19:05:14"}
info: [Petición] GET /api/auth/perfil/679a9a7ec0fd31f8046370ac {"timestamp":"2025-05-27 19:05:14"}
info: [Petición] GET /api/auth/perfil/679a9a7ec0fd31f8046370ac {"timestamp":"2025-05-27 19:05:27"}
info: [Petición] POST /api/auth/login {"timestamp":"2025-05-27 19:10:54"}
info: [Petición] GET /api/beer {"timestamp":"2025-05-27 19:10:54"}
info: [Petición] GET /api/beer {"timestamp":"2025-05-27 19:10:54"}
info: Servidor iniciado en el puerto 3940 {"timestamp":"2025-05-27 19:11:43"}
info: ✅ MongoDB conectado: localhost {"timestamp":"2025-05-27 19:11:43"}
info: [Petición] GET /api/beer {"timestamp":"2025-05-27 19:11:48"}
info: [Petición] GET /api/auth/perfil/679a9a7ec0fd31f8046370ac {"timestamp":"2025-05-27 19:11:51"}
info: [Petición] GET /api/auth/perfil/679a9a7ec0fd31f8046370ac {"timestamp":"2025-05-27 19:11:51"}
info: Servidor iniciado en el puerto 3940 {"timestamp":"2025-05-27 19:16:38"}
info: ✅ MongoDB conectado: localhost {"timestamp":"2025-05-27 19:16:38"}
info: Servidor iniciado en el puerto 3940 {"timestamp":"2025-05-27 19:16:40"}
info: ✅ MongoDB conectado: localhost {"timestamp":"2025-05-27 19:16:40"}
warn: ⚠️ Conexión a MongoDB perdida {"timestamp":"2025-05-27 19:24:07"}
info: 🔄 MongoDB reconectado {"timestamp":"2025-05-27 19:24:18"}
info: [Petición] GET /api/auth/perfil/679a9a7ec0fd31f8046370ac {"timestamp":"2025-05-27 19:25:08"}
info: [Petición] POST /api/auth/login {"timestamp":"2025-05-27 19:26:04"}
info: [Petición] GET /api/beer {"timestamp":"2025-05-27 19:26:06"}
info: [Petición] GET /api/beer {"timestamp":"2025-05-27 19:26:06"}
info: [Petición] GET /api/location {"timestamp":"2025-05-27 19:26:23"}
info: [Petición] GET /api/location {"timestamp":"2025-05-27 19:26:23"}
info: [Petición] GET /api/post {"timestamp":"2025-05-27 19:28:08"}
info: [Petición] GET /api/post {"timestamp":"2025-05-27 19:28:08"}
info: [Petición] GET /api/user {"timestamp":"2025-05-27 19:28:20"}
info: [Petición] GET /api/user {"timestamp":"2025-05-27 19:28:20"}
info: [Petición] GET /api/auth/perfil/679a9a7ec0fd31f8046370ac {"timestamp":"2025-05-27 19:28:33"}
info: [Petición] GET /api/auth/perfil/679a9a7ec0fd31f8046370ac {"timestamp":"2025-05-27 19:28:33"}
info: [Petición] POST /api/auth/login {"timestamp":"2025-05-27 19:28:47"}
info: [Petición] GET /api/beer {"timestamp":"2025-05-27 19:28:47"}
info: [Petición] GET /api/beer {"timestamp":"2025-05-27 19:28:47"}
info: [Petición] GET /api/beer/682f1e5aecb494ebae30cb3d {"timestamp":"2025-05-27 19:28:51"}
info: [Petición] GET /api/beer/682f1e5aecb494ebae30cb3d {"timestamp":"2025-05-27 19:28:51"}
info: Servidor iniciado en el puerto 3940 {"timestamp":"2025-05-27 19:57:49"}
info: ✅ MongoDB conectado: localhost {"timestamp":"2025-05-27 19:57:49"}
info: [Petición] GET /api/beer/682f1e5aecb494ebae30cb3d {"timestamp":"2025-05-27 20:01:14"}
info: [Petición] GET /api/location {"timestamp":"2025-05-27 20:01:27"}
info: [Petición] GET /api/location {"timestamp":"2025-05-27 20:01:27"}
info: [Petición] GET /api/location/6832aa5b4b1ceba0640aef8c {"timestamp":"2025-05-27 20:01:33"}
info: [Petición] GET /api/location {"timestamp":"2025-05-27 20:01:46"}
info: [Petición] GET /api/location {"timestamp":"2025-05-27 20:01:46"}
info: [Petición] GET /api/post {"timestamp":"2025-05-27 20:01:52"}
info: [Petición] GET /api/post {"timestamp":"2025-05-27 20:01:52"}
info: [Petición] GET /api/post/6811c8002e3ae6f06f626a0b {"timestamp":"2025-05-27 20:01:56"}
info: [Petición] GET /api/post/6811c8002e3ae6f06f626a0b/comentarios {"timestamp":"2025-05-27 20:01:56"}
info: [Petición] GET /api/post/6811c8002e3ae6f06f626a0b {"timestamp":"2025-05-27 20:01:56"}
info: [Petición] GET /api/post/6811c8002e3ae6f06f626a0b/comentarios {"timestamp":"2025-05-27 20:01:56"}
info: [Petición] GET /api/user {"timestamp":"2025-05-27 20:02:15"}
info: [Petición] GET /api/user {"timestamp":"2025-05-27 20:02:15"}
info: [Petición] GET /api/user/679a9a7ec0fd31f8046370ac {"timestamp":"2025-05-27 20:02:19"}
info: [Petición] GET /api/user/679a9a7ec0fd31f8046370ac {"timestamp":"2025-05-27 20:02:19"}
info: [Petición] GET /api/user {"timestamp":"2025-05-27 20:02:21"}
info: [Petición] GET /api/user {"timestamp":"2025-05-27 20:02:21"}
info: [Petición] GET /api/user/680881c0cb30b200868b2637 {"timestamp":"2025-05-27 20:02:23"}
info: [Petición] GET /api/user/680881c0cb30b200868b2637 {"timestamp":"2025-05-27 20:02:23"}
info: Servidor iniciado en el puerto 3940 {"timestamp":"2025-05-27 21:28:06"}
info: ✅ MongoDB conectado: localhost {"timestamp":"2025-05-27 21:28:06"}
