[34m[2025-06-02 22:16:56] INFO: Servidor iniciado en el puerto 3940[39m
[34m[2025-06-02 22:16:56] INFO: ✅ MongoDB conectado: localhost[39m
[34m[2025-06-02 22:17:05] INFO: Servidor iniciado en el puerto 3940[39m
[34m[2025-06-02 22:17:05] INFO: ✅ MongoDB conectado: localhost[39m
[34m[2025-06-02 22:37:32] INFO: [Petición] GET /api/auth/google[39m
[34m[2025-06-02 22:37:33] INFO: [Petición] GET /api/auth/google/callback?code=4%2F0AUJR-x4pasHguAEtJYqlGwdb3ZhINaTSUDEuvlTcogGDbtJEGFX40cJfP0fNjhHZb6gAXw&scope=email+profile+https%3A%2F%2Fwww.googleapis.com%2Fauth%2Fuserinfo.email+https%3A%2F%2Fwww.googleapis.com%2Fauth%2Fuserinfo.profile+openid&authuser=0&prompt=none[39m
[34m[2025-06-02 22:37:37] INFO: [Petición] GET /api/auth/perfil[39m
[34m[2025-06-02 22:37:37] INFO: 🔐 Acceso permitido al usuario: 680881c0cb30b200868b2637[39m
[34m[2025-06-02 22:37:42] INFO: [Petición] GET /api/beer[39m
[34m[2025-06-02 22:37:42] INFO: [Petición] GET /api/beer[39m
[34m[2025-06-02 22:37:50] INFO: [Petición] GET /api/user[39m
[34m[2025-06-02 22:37:50] INFO: [Petición] GET /api/user[39m
[34m[2025-06-02 22:37:55] INFO: [Petición] GET /api/post[39m
[34m[2025-06-02 22:37:55] INFO: [Petición] GET /api/post[39m
[34m[2025-06-02 23:05:15] INFO: [Petición] GET /api/location[39m
[34m[2025-06-02 23:05:15] INFO: [Petición] GET /api/location[39m
[34m[2025-06-02 23:05:20] INFO: [Petición] GET /api/location/682ea2d060bd20858e1b8132[39m
[34m[2025-06-02 23:13:58] INFO: [Petición] GET /api/location/682ea2d060bd20858e1b8132[39m
[34m[2025-06-02 23:14:00] INFO: [Petición] GET /api/location/682ea2d060bd20858e1b8132[39m
[34m[2025-06-02 23:14:08] INFO: [Petición] POST /api/auth/login[39m
[34m[2025-06-02 23:14:10] INFO: [Petición] GET /api/beer[39m
[34m[2025-06-02 23:14:10] INFO: [Petición] GET /api/beer[39m
[34m[2025-06-02 23:14:15] INFO: [Petición] GET /api/location[39m
[34m[2025-06-02 23:14:15] INFO: [Petición] GET /api/location[39m
[34m[2025-06-02 23:14:17] INFO: [Petición] GET /api/location/683d2c106a4a6ecd807c0f78[39m
[34m[2025-06-02 23:14:19] INFO: [Petición] GET /api/location/683d2c106a4a6ecd807c0f78[39m
[34m[2025-06-02 23:14:34] INFO: [Petición] GET /api/location/683d2c106a4a6ecd807c0f78[39m
[34m[2025-06-02 23:14:37] INFO: [Petición] GET /api/location/683d2c106a4a6ecd807c0f78[39m
[34m[2025-06-02 23:19:21] INFO: [Petición] GET /api/location/683d2c106a4a6ecd807c0f78[39m
[34m[2025-06-02 23:22:35] INFO: [Petición] GET /api/location/683d2c106a4a6ecd807c0f78[39m
[34m[2025-06-02 23:22:37] INFO: [Petición] GET /api/location/683d2c106a4a6ecd807c0f78[39m
[34m[2025-06-02 23:23:20] INFO: [Petición] GET /api/location/683d2c106a4a6ecd807c0f78[39m
[34m[2025-06-02 23:23:26] INFO: [Petición] POST /api/auth/login[39m
[34m[2025-06-02 23:23:30] INFO: [Petición] GET /api/beer[39m
[34m[2025-06-02 23:23:30] INFO: [Petición] GET /api/beer[39m
[34m[2025-06-02 23:23:34] INFO: [Petición] GET /api/location[39m
[34m[2025-06-02 23:23:34] INFO: [Petición] GET /api/location[39m
[34m[2025-06-02 23:23:36] INFO: [Petición] GET /api/location/683d2c106a4a6ecd807c0f78[39m
[34m[2025-06-02 23:56:28] INFO: [Petición] GET /api/location/683d2c106a4a6ecd807c0f78[39m
[34m[2025-06-02 23:56:46] INFO: [Petición] GET /api/location/683d2c106a4a6ecd807c0f78[39m
[34m[2025-06-02 23:56:47] INFO: [Petición] GET /api/location/683d2c106a4a6ecd807c0f78[39m
[34m[2025-06-03 00:14:46] INFO: [Petición] GET /api/location/683d2c106a4a6ecd807c0f78[39m
[34m[2025-06-03 00:14:48] INFO: [Petición] GET /api/location/683d2c106a4a6ecd807c0f78[39m
[34m[2025-06-03 00:14:49] INFO: [Petición] GET /api/location/683d2c106a4a6ecd807c0f78[39m
[34m[2025-06-03 00:14:50] INFO: [Petición] GET /api/location/683d2c106a4a6ecd807c0f78[39m
[34m[2025-06-03 00:15:55] INFO: [Petición] GET /api/location/683d2c106a4a6ecd807c0f78[39m
[34m[2025-06-03 00:15:57] INFO: [Petición] GET /api/location/683d2c106a4a6ecd807c0f78[39m
[34m[2025-06-03 00:15:58] INFO: [Petición] GET /api/location/683d2c106a4a6ecd807c0f78[39m
[34m[2025-06-03 00:16:04] INFO: [Petición] POST /api/auth/login[39m
[34m[2025-06-03 00:16:07] INFO: [Petición] GET /api/beer[39m
[34m[2025-06-03 00:16:07] INFO: [Petición] GET /api/beer[39m
[34m[2025-06-03 00:16:13] INFO: [Petición] GET /api/location[39m
[34m[2025-06-03 00:16:13] INFO: [Petición] GET /api/location[39m
[34m[2025-06-03 00:16:15] INFO: [Petición] GET /api/location/683d2c106a4a6ecd807c0f78[39m
[34m[2025-06-03 00:16:17] INFO: [Petición] GET /api/beer[39m
[34m[2025-06-03 00:16:17] INFO: [Petición] GET /api/beer[39m
[34m[2025-06-03 00:16:20] INFO: [Petición] GET /api/beer/683cd4a7fa95d0bc8726552b[39m
[34m[2025-06-03 00:16:20] INFO: [Petición] GET /api/beer/683cd4a7fa95d0bc8726552b[39m
[34m[2025-06-03 00:16:22] INFO: [Petición] GET /api/location[39m
[34m[2025-06-03 00:16:22] INFO: [Petición] GET /api/location[39m
[34m[2025-06-03 00:16:25] INFO: [Petición] GET /api/location/683d2c106a4a6ecd807c0f78[39m
[34m[2025-06-03 00:18:43] INFO: [Petición] GET /api/location/683d2c106a4a6ecd807c0f78[39m
[34m[2025-06-03 00:18:45] INFO: [Petición] GET /api/location/683d2c106a4a6ecd807c0f78[39m
[34m[2025-06-03 00:18:46] INFO: [Petición] GET /api/location/683d2c106a4a6ecd807c0f78[39m
[34m[2025-06-03 00:18:54] INFO: [Petición] POST /api/auth/login[39m
[34m[2025-06-03 00:18:56] INFO: [Petición] GET /api/beer[39m
[34m[2025-06-03 00:18:56] INFO: [Petición] GET /api/beer[39m
[34m[2025-06-03 00:19:00] INFO: [Petición] GET /api/location[39m
[34m[2025-06-03 00:19:00] INFO: [Petición] GET /api/location[39m
[34m[2025-06-03 00:19:01] INFO: [Petición] GET /api/location/683d2c106a4a6ecd807c0f78[39m
[34m[2025-06-03 00:20:19] INFO: [Petición] GET /api/location/683d2c106a4a6ecd807c0f78[39m
[34m[2025-06-03 00:20:23] INFO: [Petición] GET /api/location[39m
[34m[2025-06-03 00:20:23] INFO: [Petición] GET /api/location[39m
[34m[2025-06-03 00:20:26] INFO: [Petición] GET /api/location/683d2c106a4a6ecd807c0f78[39m
[34m[2025-06-03 00:21:16] INFO: [Petición] GET /api/location/683d2c106a4a6ecd807c0f78[39m
[34m[2025-06-03 00:21:21] INFO: [Petición] GET /api/location/683d2c106a4a6ecd807c0f78[39m
[34m[2025-06-03 00:23:32] INFO: [Petición] GET /api/location/683d2c106a4a6ecd807c0f78[39m
[34m[2025-06-03 00:24:04] INFO: Servidor iniciado en el puerto 3940[39m
[34m[2025-06-03 00:24:04] INFO: ✅ MongoDB conectado: localhost[39m
[34m[2025-06-03 00:25:27] INFO: [Petición] GET /api/location/683d2c106a4a6ecd807c0f78[39m
[34m[2025-06-03 00:26:32] INFO: [Petición] GET /api/location/683d2c106a4a6ecd807c0f78[39m
[34m[2025-06-03 00:27:04] INFO: [Petición] GET /api/location/683d2c106a4a6ecd807c0f78[39m
[34m[2025-06-03 00:27:12] INFO: [Petición] GET /api/location/683d2c106a4a6ecd807c0f78[39m
[34m[2025-06-03 00:27:16] INFO: [Petición] GET /api/location/683d2c106a4a6ecd807c0f78[39m
[34m[2025-06-03 00:27:19] INFO: [Petición] GET /api/location/683d2c106a4a6ecd807c0f78[39m
[34m[2025-06-03 00:27:21] INFO: [Petición] GET /api/location/683d2c106a4a6ecd807c0f78[39m
[34m[2025-06-03 00:27:54] INFO: [Petición] GET /api/location/683d2c106a4a6ecd807c0f78[39m
[34m[2025-06-03 00:53:28] INFO: [Petición] GET /api/beer[39m
[34m[2025-06-03 00:53:33] INFO: [Petición] GET /api/beer/683cd3d1fa95d0bc872654d0[39m
[34m[2025-06-03 00:53:33] INFO: [Petición] GET /api/beer/683cd3d1fa95d0bc872654d0[39m
[34m[2025-06-03 00:53:33] INFO: [Petición] GET /api/beer/683cd3d1fa95d0bc872654d0[39m
[34m[2025-06-03 00:53:33] INFO: [Petición] GET /api/beer/683cd3d1fa95d0bc872654d0[39m
[34m[2025-06-03 00:53:33] INFO: [Petición] GET /api/beer/683cd3d1fa95d0bc872654d0[39m
[34m[2025-06-03 00:53:33] INFO: [Petición] GET /api/beer/683cd3d1fa95d0bc872654d0[39m
[34m[2025-06-03 00:54:55] INFO: [Petición] GET /api/beer/683cd3d1fa95d0bc872654d0[39m
[34m[2025-06-03 00:55:14] INFO: [Petición] GET /api/beer/683cd3d1fa95d0bc872654d0[39m
[34m[2025-06-03 00:55:25] INFO: [Petición] GET /api/beer/683cd3d1fa95d0bc872654d0[39m
[34m[2025-06-03 00:55:30] INFO: [Petición] GET /api/beer/683cd3d1fa95d0bc872654d0[39m
[34m[2025-06-03 00:55:30] INFO: [Petición] GET /api/beer/683cd3d1fa95d0bc872654d0[39m
[34m[2025-06-03 00:55:30] INFO: [Petición] GET /api/beer/683cd3d1fa95d0bc872654d0[39m
[34m[2025-06-03 00:56:17] INFO: [Petición] GET /api/beer/683cd3d1fa95d0bc872654d0[39m
[34m[2025-06-03 00:56:42] INFO: [Petición] GET /api/beer/683cd3d1fa95d0bc872654d0[39m
[34m[2025-06-03 01:01:54] INFO: [Petición] GET /api/beer/683cd3d1fa95d0bc872654d0[39m
[34m[2025-06-03 01:02:13] INFO: [Petición] GET /api/beer/683cd3d1fa95d0bc872654d0[39m
[34m[2025-06-03 01:02:15] INFO: [Petición] GET /api/beer/683cd3d1fa95d0bc872654d0[39m
[34m[2025-06-03 01:05:38] INFO: [Petición] GET /api/beer/683cd3d1fa95d0bc872654d0[39m
[34m[2025-06-03 01:35:15] INFO: [Petición] GET /api/beer/683cd3d1fa95d0bc872654d0[39m
[34m[2025-06-03 01:35:19] INFO: [Petición] GET /api/location[39m
[34m[2025-06-03 01:35:19] INFO: [Petición] GET /api/location[39m
[34m[2025-06-03 01:35:20] INFO: [Petición] GET /api/beer/683cd3d1fa95d0bc872654d0[39m
[34m[2025-06-03 01:35:20] INFO: [Petición] GET /api/beer/683cd3d1fa95d0bc872654d0[39m
[34m[2025-06-03 01:35:49] INFO: [Petición] GET /api/beer/683cd3d1fa95d0bc872654d0[39m
[34m[2025-06-03 01:35:53] INFO: [Petición] GET /api/location[39m
[34m[2025-06-03 01:35:53] INFO: [Petición] GET /api/location[39m
[34m[2025-06-03 01:36:31] INFO: [Petición] GET /api/location/683d2c106a4a6ecd807c0f78[39m
[34m[2025-06-03 01:37:45] INFO: [Petición] GET /api/location/683d2c106a4a6ecd807c0f78[39m
[34m[2025-06-03 01:37:47] INFO: [Petición] GET /api/location/683d2c106a4a6ecd807c0f78[39m
[34m[2025-06-03 01:38:39] INFO: [Petición] GET /api/location/683d2c106a4a6ecd807c0f78[39m
[34m[2025-06-03 01:46:43] INFO: [Petición] POST /api/auth/login[39m
[34m[2025-06-03 01:46:46] INFO: [Petición] GET /api/beer[39m
[34m[2025-06-03 01:46:46] INFO: [Petición] GET /api/beer[39m
[34m[2025-06-03 01:46:52] INFO: [Petición] GET /api/location[39m
[34m[2025-06-03 01:46:52] INFO: [Petición] GET /api/location[39m
[34m[2025-06-03 01:46:56] INFO: [Petición] GET /api/location/683d2c106a4a6ecd807c0f78[39m
[34m[2025-06-03 01:46:58] INFO: [Petición] POST /api/location/683d2c106a4a6ecd807c0f78/react/meGusta[39m
[34m[2025-06-03 01:46:59] INFO: [Petición] POST /api/location/683d2c106a4a6ecd807c0f78/react/salud[39m
[34m[2025-06-03 01:47:00] INFO: [Petición] POST /api/location/683d2c106a4a6ecd807c0f78/react/recomendado[39m
[34m[2025-06-03 01:47:05] INFO: [Petición] GET /api/location/683d2c106a4a6ecd807c0f78[39m
[34m[2025-06-03 01:47:32] INFO: [Petición] GET /api/location/683d2c106a4a6ecd807c0f78[39m
[34m[2025-06-03 01:49:17] INFO: [Petición] GET /api/location/683d2c106a4a6ecd807c0f78[39m
[34m[2025-06-03 01:49:21] INFO: [Petición] GET /api/location/683d2c106a4a6ecd807c0f78[39m
[34m[2025-06-03 02:00:33] INFO: [Petición] GET /api/post[39m
[34m[2025-06-03 02:00:33] INFO: [Petición] GET /api/post[39m
[34m[2025-06-03 02:00:38] INFO: [Petición] GET /api/post/683d2f3f6a4a6ecd807c0f9d[39m
[34m[2025-06-03 02:00:38] INFO: [Petición] GET /api/post/683d2f3f6a4a6ecd807c0f9d/comentarios[39m
[34m[2025-06-03 02:00:38] INFO: [Petición] GET /api/post/683d2f3f6a4a6ecd807c0f9d[39m
[34m[2025-06-03 02:00:38] INFO: [Petición] GET /api/post/683d2f3f6a4a6ecd807c0f9d/comentarios[39m
[34m[2025-06-03 02:00:45] INFO: [Petición] POST /api/post/683d2f3f6a4a6ecd807c0f9d/like[39m
[34m[2025-06-03 02:00:45] INFO: [Petición] GET /api/post/683d2f3f6a4a6ecd807c0f9d[39m
[34m[2025-06-03 02:03:02] INFO: [Petición] GET /api/user[39m
[34m[2025-06-03 02:03:02] INFO: [Petición] GET /api/user[39m
[34m[2025-06-03 02:03:07] INFO: [Petición] GET /api/user/679a9a7ec0fd31f8046370ac[39m
[34m[2025-06-03 02:03:07] INFO: [Petición] GET /api/user/679a9a7ec0fd31f8046370ac[39m
[34m[2025-06-03 02:03:07] INFO: [Petición] GET /api/user/679a9a7ec0fd31f8046370ac[39m
[34m[2025-06-03 02:03:07] INFO: [Petición] GET /api/user/679a9a7ec0fd31f8046370ac[39m
[34m[2025-06-03 02:03:07] INFO: [Petición] GET /api/user/679a9a7ec0fd31f8046370ac[39m
[34m[2025-06-03 02:03:07] INFO: [Petición] GET /api/user/679a9a7ec0fd31f8046370ac[39m
[34m[2025-06-03 02:03:07] INFO: [Petición] GET /api/user/679a9a7ec0fd31f8046370ac[39m
[34m[2025-06-03 02:03:07] INFO: [Petición] GET /api/user/679a9a7ec0fd31f8046370ac[39m
[34m[2025-06-03 02:03:07] INFO: [Petición] GET /api/user/679a9a7ec0fd31f8046370ac[39m
[34m[2025-06-03 02:03:07] INFO: [Petición] GET /api/user/679a9a7ec0fd31f8046370ac[39m
[34m[2025-06-03 02:03:07] INFO: [Petición] GET /api/user/679a9a7ec0fd31f8046370ac[39m
[34m[2025-06-03 02:03:07] INFO: [Petición] GET /api/user/679a9a7ec0fd31f8046370ac[39m
[34m[2025-06-03 02:03:07] INFO: [Petición] GET /api/user/679a9a7ec0fd31f8046370ac[39m
[34m[2025-06-03 02:03:07] INFO: [Petición] GET /api/user/679a9a7ec0fd31f8046370ac[39m
[34m[2025-06-03 02:03:07] INFO: [Petición] GET /api/user/679a9a7ec0fd31f8046370ac[39m
[34m[2025-06-03 02:03:07] INFO: [Petición] GET /api/user/679a9a7ec0fd31f8046370ac[39m
[34m[2025-06-03 02:03:07] INFO: [Petición] GET /api/user/679a9a7ec0fd31f8046370ac[39m
[34m[2025-06-03 02:03:07] INFO: [Petición] GET /api/user/679a9a7ec0fd31f8046370ac[39m
[34m[2025-06-03 02:03:07] INFO: [Petición] GET /api/user/679a9a7ec0fd31f8046370ac[39m
[34m[2025-06-03 02:03:07] INFO: [Petición] GET /api/user/679a9a7ec0fd31f8046370ac[39m
[34m[2025-06-03 02:03:08] INFO: [Petición] GET /api/user/679a9a7ec0fd31f8046370ac[39m
[34m[2025-06-03 02:03:08] INFO: [Petición] GET /api/user/679a9a7ec0fd31f8046370ac[39m
[34m[2025-06-03 02:03:08] INFO: [Petición] GET /api/user/679a9a7ec0fd31f8046370ac[39m
[34m[2025-06-03 02:03:08] INFO: [Petición] GET /api/user/679a9a7ec0fd31f8046370ac[39m
[34m[2025-06-03 02:03:08] INFO: [Petición] GET /api/user/679a9a7ec0fd31f8046370ac[39m
[34m[2025-06-03 02:03:08] INFO: [Petición] GET /api/user/679a9a7ec0fd31f8046370ac[39m
[34m[2025-06-03 02:03:08] INFO: [Petición] GET /api/user/679a9a7ec0fd31f8046370ac[39m
[34m[2025-06-03 02:03:08] INFO: [Petición] GET /api/user/679a9a7ec0fd31f8046370ac[39m
[34m[2025-06-03 02:03:08] INFO: [Petición] GET /api/user/679a9a7ec0fd31f8046370ac[39m
[34m[2025-06-03 02:03:08] INFO: [Petición] GET /api/user/679a9a7ec0fd31f8046370ac[39m
[34m[2025-06-03 02:03:08] INFO: [Petición] GET /api/user/679a9a7ec0fd31f8046370ac[39m
[34m[2025-06-03 02:03:08] INFO: [Petición] GET /api/user/679a9a7ec0fd31f8046370ac[39m
[34m[2025-06-03 02:03:08] INFO: [Petición] GET /api/user/679a9a7ec0fd31f8046370ac[39m
[34m[2025-06-03 02:03:08] INFO: [Petición] GET /api/user/679a9a7ec0fd31f8046370ac[39m
[34m[2025-06-03 02:03:08] INFO: [Petición] GET /api/user/679a9a7ec0fd31f8046370ac[39m
[34m[2025-06-03 02:03:08] INFO: [Petición] GET /api/user/679a9a7ec0fd31f8046370ac[39m
[34m[2025-06-03 02:03:08] INFO: [Petición] GET /api/user/679a9a7ec0fd31f8046370ac[39m
[34m[2025-06-03 02:03:08] INFO: [Petición] GET /api/user/679a9a7ec0fd31f8046370ac[39m
[34m[2025-06-03 02:03:08] INFO: [Petición] GET /api/user/679a9a7ec0fd31f8046370ac[39m
[34m[2025-06-03 02:03:08] INFO: [Petición] GET /api/user/679a9a7ec0fd31f8046370ac[39m
[34m[2025-06-03 02:03:08] INFO: [Petición] GET /api/user/679a9a7ec0fd31f8046370ac[39m
[34m[2025-06-03 02:03:08] INFO: [Petición] GET /api/user/679a9a7ec0fd31f8046370ac[39m
[34m[2025-06-03 02:03:08] INFO: [Petición] GET /api/user/679a9a7ec0fd31f8046370ac[39m
[34m[2025-06-03 02:03:08] INFO: [Petición] GET /api/user/679a9a7ec0fd31f8046370ac[39m
[34m[2025-06-03 02:03:08] INFO: [Petición] GET /api/user/679a9a7ec0fd31f8046370ac[39m
[34m[2025-06-03 02:03:08] INFO: [Petición] GET /api/user/679a9a7ec0fd31f8046370ac[39m
[34m[2025-06-03 02:03:08] INFO: [Petición] GET /api/user/679a9a7ec0fd31f8046370ac[39m
[34m[2025-06-03 02:03:08] INFO: [Petición] GET /api/user/679a9a7ec0fd31f8046370ac[39m
[34m[2025-06-03 02:03:08] INFO: [Petición] GET /api/user/679a9a7ec0fd31f8046370ac[39m
[34m[2025-06-03 02:03:08] INFO: [Petición] GET /api/user/679a9a7ec0fd31f8046370ac[39m
[34m[2025-06-03 02:03:08] INFO: [Petición] GET /api/user/679a9a7ec0fd31f8046370ac[39m
[34m[2025-06-03 02:03:08] INFO: [Petición] GET /api/user/679a9a7ec0fd31f8046370ac[39m
[34m[2025-06-03 02:03:08] INFO: [Petición] GET /api/user/679a9a7ec0fd31f8046370ac[39m
[34m[2025-06-03 02:03:08] INFO: [Petición] GET /api/user/679a9a7ec0fd31f8046370ac[39m
[34m[2025-06-03 02:03:08] INFO: [Petición] GET /api/user/679a9a7ec0fd31f8046370ac[39m
[34m[2025-06-03 02:03:08] INFO: [Petición] GET /api/user/679a9a7ec0fd31f8046370ac[39m
[34m[2025-06-03 02:03:08] INFO: [Petición] GET /api/user/679a9a7ec0fd31f8046370ac[39m
[34m[2025-06-03 02:03:08] INFO: [Petición] GET /api/user/679a9a7ec0fd31f8046370ac[39m
[34m[2025-06-03 02:03:08] INFO: [Petición] GET /api/user/679a9a7ec0fd31f8046370ac[39m
[34m[2025-06-03 02:03:08] INFO: [Petición] GET /api/user/679a9a7ec0fd31f8046370ac[39m
[34m[2025-06-03 02:03:08] INFO: [Petición] GET /api/user/679a9a7ec0fd31f8046370ac[39m
[34m[2025-06-03 02:03:09] INFO: [Petición] GET /api/user/679a9a7ec0fd31f8046370ac[39m
[34m[2025-06-03 02:03:09] INFO: [Petición] GET /api/user/679a9a7ec0fd31f8046370ac[39m
[34m[2025-06-03 02:03:09] INFO: [Petición] GET /api/user/679a9a7ec0fd31f8046370ac[39m
[34m[2025-06-03 02:03:09] INFO: [Petición] GET /api/user/679a9a7ec0fd31f8046370ac[39m
[34m[2025-06-03 02:03:09] INFO: [Petición] GET /api/user/679a9a7ec0fd31f8046370ac[39m
[34m[2025-06-03 02:03:09] INFO: [Petición] GET /api/user/679a9a7ec0fd31f8046370ac[39m
[34m[2025-06-03 02:03:09] INFO: [Petición] GET /api/user/679a9a7ec0fd31f8046370ac[39m
[34m[2025-06-03 02:03:09] INFO: [Petición] GET /api/user/679a9a7ec0fd31f8046370ac[39m
[34m[2025-06-03 02:03:09] INFO: [Petición] GET /api/user/679a9a7ec0fd31f8046370ac[39m
[34m[2025-06-03 02:03:09] INFO: [Petición] GET /api/user/679a9a7ec0fd31f8046370ac[39m
[34m[2025-06-03 02:03:09] INFO: [Petición] GET /api/user/679a9a7ec0fd31f8046370ac[39m
[34m[2025-06-03 02:03:09] INFO: [Petición] GET /api/user/679a9a7ec0fd31f8046370ac[39m
[34m[2025-06-03 02:03:09] INFO: [Petición] GET /api/user/679a9a7ec0fd31f8046370ac[39m
[34m[2025-06-03 02:03:09] INFO: [Petición] GET /api/user/679a9a7ec0fd31f8046370ac[39m
[34m[2025-06-03 02:03:09] INFO: [Petición] GET /api/user/679a9a7ec0fd31f8046370ac[39m
[34m[2025-06-03 02:03:09] INFO: [Petición] GET /api/user/679a9a7ec0fd31f8046370ac[39m
[34m[2025-06-03 02:03:09] INFO: [Petición] GET /api/user/679a9a7ec0fd31f8046370ac[39m
[34m[2025-06-03 02:03:09] INFO: [Petición] GET /api/user/679a9a7ec0fd31f8046370ac[39m
[34m[2025-06-03 02:03:09] INFO: [Petición] GET /api/user/679a9a7ec0fd31f8046370ac[39m
[34m[2025-06-03 02:03:09] INFO: [Petición] GET /api/user/679a9a7ec0fd31f8046370ac[39m
[34m[2025-06-03 02:03:09] INFO: [Petición] GET /api/user/679a9a7ec0fd31f8046370ac[39m
[34m[2025-06-03 02:03:09] INFO: [Petición] GET /api/user/679a9a7ec0fd31f8046370ac[39m
[34m[2025-06-03 02:03:09] INFO: [Petición] GET /api/user/679a9a7ec0fd31f8046370ac[39m
[34m[2025-06-03 02:03:09] INFO: [Petición] GET /api/user/679a9a7ec0fd31f8046370ac[39m
[34m[2025-06-03 02:03:09] INFO: [Petición] GET /api/user/679a9a7ec0fd31f8046370ac[39m
[34m[2025-06-03 02:03:09] INFO: [Petición] GET /api/user/679a9a7ec0fd31f8046370ac[39m
[34m[2025-06-03 02:03:09] INFO: [Petición] GET /api/user/679a9a7ec0fd31f8046370ac[39m
[34m[2025-06-03 02:03:09] INFO: [Petición] GET /api/user/679a9a7ec0fd31f8046370ac[39m
[34m[2025-06-03 02:03:09] INFO: [Petición] GET /api/user/679a9a7ec0fd31f8046370ac[39m
[34m[2025-06-03 02:03:09] INFO: [Petición] GET /api/user/679a9a7ec0fd31f8046370ac[39m
[34m[2025-06-03 02:03:09] INFO: [Petición] GET /api/user/679a9a7ec0fd31f8046370ac[39m
[34m[2025-06-03 02:03:09] INFO: [Petición] GET /api/user/679a9a7ec0fd31f8046370ac[39m
[34m[2025-06-03 02:03:09] INFO: [Petición] GET /api/user/679a9a7ec0fd31f8046370ac[39m
[34m[2025-06-03 02:03:09] INFO: [Petición] GET /api/user/679a9a7ec0fd31f8046370ac[39m
[34m[2025-06-03 02:03:09] INFO: [Petición] GET /api/user/679a9a7ec0fd31f8046370ac[39m
[34m[2025-06-03 02:03:09] INFO: [Petición] GET /api/user/679a9a7ec0fd31f8046370ac[39m
[34m[2025-06-03 02:03:09] INFO: [Petición] GET /api/user/679a9a7ec0fd31f8046370ac[39m
[34m[2025-06-03 02:03:10] INFO: [Petición] GET /api/user/679a9a7ec0fd31f8046370ac[39m
[34m[2025-06-03 02:03:10] INFO: [Petición] GET /api/user/679a9a7ec0fd31f8046370ac[39m
[34m[2025-06-03 02:03:10] INFO: [Petición] GET /api/user/679a9a7ec0fd31f8046370ac[39m
[34m[2025-06-03 02:03:10] INFO: [Petición] GET /api/user/679a9a7ec0fd31f8046370ac[39m
[34m[2025-06-03 02:03:10] INFO: [Petición] GET /api/user/679a9a7ec0fd31f8046370ac[39m
[34m[2025-06-03 02:03:10] INFO: [Petición] GET /api/user/679a9a7ec0fd31f8046370ac[39m
[34m[2025-06-03 02:03:10] INFO: [Petición] GET /api/user/679a9a7ec0fd31f8046370ac[39m
[34m[2025-06-03 02:03:10] INFO: [Petición] GET /api/user/679a9a7ec0fd31f8046370ac[39m
[34m[2025-06-03 02:03:10] INFO: [Petición] GET /api/user/679a9a7ec0fd31f8046370ac[39m
[34m[2025-06-03 02:03:10] INFO: [Petición] GET /api/user/679a9a7ec0fd31f8046370ac[39m
[34m[2025-06-03 02:03:10] INFO: [Petición] GET /api/user/679a9a7ec0fd31f8046370ac[39m
[34m[2025-06-03 02:03:10] INFO: [Petición] GET /api/user/679a9a7ec0fd31f8046370ac[39m
[34m[2025-06-03 02:03:10] INFO: [Petición] GET /api/user/679a9a7ec0fd31f8046370ac[39m
[34m[2025-06-03 02:03:10] INFO: [Petición] GET /api/user/679a9a7ec0fd31f8046370ac[39m
[34m[2025-06-03 02:03:10] INFO: [Petición] GET /api/user/679a9a7ec0fd31f8046370ac[39m
[34m[2025-06-03 02:03:10] INFO: [Petición] GET /api/user/679a9a7ec0fd31f8046370ac[39m
[34m[2025-06-03 02:03:10] INFO: [Petición] GET /api/user/679a9a7ec0fd31f8046370ac[39m
[34m[2025-06-03 02:03:10] INFO: [Petición] GET /api/user/679a9a7ec0fd31f8046370ac[39m
[34m[2025-06-03 02:03:10] INFO: [Petición] GET /api/user/679a9a7ec0fd31f8046370ac[39m
[34m[2025-06-03 02:03:10] INFO: [Petición] GET /api/user/679a9a7ec0fd31f8046370ac[39m
[34m[2025-06-03 02:03:10] INFO: [Petición] GET /api/user/679a9a7ec0fd31f8046370ac[39m
[34m[2025-06-03 02:03:10] INFO: [Petición] GET /api/user/679a9a7ec0fd31f8046370ac[39m
[34m[2025-06-03 02:03:10] INFO: [Petición] GET /api/user/679a9a7ec0fd31f8046370ac[39m
[34m[2025-06-03 02:03:10] INFO: [Petición] GET /api/user/679a9a7ec0fd31f8046370ac[39m
[34m[2025-06-03 02:03:10] INFO: [Petición] GET /api/user/679a9a7ec0fd31f8046370ac[39m
[34m[2025-06-03 02:03:10] INFO: [Petición] GET /api/user/679a9a7ec0fd31f8046370ac[39m
[34m[2025-06-03 02:03:10] INFO: [Petición] GET /api/user/679a9a7ec0fd31f8046370ac[39m
[34m[2025-06-03 02:03:10] INFO: [Petición] GET /api/user/679a9a7ec0fd31f8046370ac[39m
[34m[2025-06-03 02:03:10] INFO: [Petición] GET /api/user/679a9a7ec0fd31f8046370ac[39m
[34m[2025-06-03 02:03:10] INFO: [Petición] GET /api/user/679a9a7ec0fd31f8046370ac[39m
[34m[2025-06-03 02:03:10] INFO: [Petición] GET /api/user/679a9a7ec0fd31f8046370ac[39m
[34m[2025-06-03 02:03:10] INFO: [Petición] GET /api/user/679a9a7ec0fd31f8046370ac[39m
[34m[2025-06-03 02:03:10] INFO: [Petición] GET /api/user/679a9a7ec0fd31f8046370ac[39m
[34m[2025-06-03 02:03:10] INFO: [Petición] GET /api/user/679a9a7ec0fd31f8046370ac[39m
[34m[2025-06-03 02:03:11] INFO: [Petición] GET /api/user/679a9a7ec0fd31f8046370ac[39m
[34m[2025-06-03 02:03:11] INFO: [Petición] GET /api/user/679a9a7ec0fd31f8046370ac[39m
[34m[2025-06-03 02:03:11] INFO: [Petición] GET /api/user/679a9a7ec0fd31f8046370ac[39m
[34m[2025-06-03 02:03:11] INFO: [Petición] GET /api/user/679a9a7ec0fd31f8046370ac[39m
[34m[2025-06-03 02:03:11] INFO: [Petición] GET /api/user/679a9a7ec0fd31f8046370ac[39m
[34m[2025-06-03 02:03:11] INFO: [Petición] GET /api/user[39m
[34m[2025-06-03 02:03:11] INFO: [Petición] GET /api/user[39m
[34m[2025-06-03 02:03:12] INFO: [Petición] GET /api/user/679be502948c4b58e9233d61[39m
[34m[2025-06-03 02:03:12] INFO: [Petición] GET /api/user/679be502948c4b58e9233d61[39m
[34m[2025-06-03 02:03:12] INFO: [Petición] GET /api/user/679be502948c4b58e9233d61[39m
[34m[2025-06-03 02:03:12] INFO: [Petición] GET /api/user/679be502948c4b58e9233d61[39m
[34m[2025-06-03 02:03:12] INFO: [Petición] GET /api/user/679be502948c4b58e9233d61[39m
[34m[2025-06-03 02:03:12] INFO: [Petición] GET /api/user/679be502948c4b58e9233d61[39m
[34m[2025-06-03 02:03:12] INFO: [Petición] GET /api/user/679be502948c4b58e9233d61[39m
[34m[2025-06-03 02:03:12] INFO: [Petición] GET /api/user/679be502948c4b58e9233d61[39m
[34m[2025-06-03 02:03:12] INFO: [Petición] GET /api/user/679be502948c4b58e9233d61[39m
[34m[2025-06-03 02:03:12] INFO: [Petición] GET /api/user/679be502948c4b58e9233d61[39m
[34m[2025-06-03 02:03:12] INFO: [Petición] GET /api/user/679be502948c4b58e9233d61[39m
[34m[2025-06-03 02:03:12] INFO: [Petición] GET /api/user/679be502948c4b58e9233d61[39m
[34m[2025-06-03 02:03:12] INFO: [Petición] GET /api/user/679be502948c4b58e9233d61[39m
[34m[2025-06-03 02:03:12] INFO: [Petición] GET /api/user/679be502948c4b58e9233d61[39m
[34m[2025-06-03 02:03:12] INFO: [Petición] GET /api/user/679be502948c4b58e9233d61[39m
[34m[2025-06-03 02:03:12] INFO: [Petición] GET /api/user/679be502948c4b58e9233d61[39m
[34m[2025-06-03 02:03:12] INFO: [Petición] GET /api/user/679be502948c4b58e9233d61[39m
[34m[2025-06-03 02:03:12] INFO: [Petición] GET /api/user/679be502948c4b58e9233d61[39m
[34m[2025-06-03 02:03:12] INFO: [Petición] GET /api/user/679be502948c4b58e9233d61[39m
[34m[2025-06-03 02:03:13] INFO: [Petición] GET /api/user/679be502948c4b58e9233d61[39m
[34m[2025-06-03 02:03:13] INFO: [Petición] GET /api/user/679be502948c4b58e9233d61[39m
[34m[2025-06-03 02:03:13] INFO: [Petición] GET /api/user/679be502948c4b58e9233d61[39m
[34m[2025-06-03 02:03:13] INFO: [Petición] GET /api/user/679be502948c4b58e9233d61[39m
[34m[2025-06-03 02:03:13] INFO: [Petición] GET /api/user/679be502948c4b58e9233d61[39m
[34m[2025-06-03 02:03:13] INFO: [Petición] GET /api/user/679be502948c4b58e9233d61[39m
[34m[2025-06-03 02:03:13] INFO: [Petición] GET /api/user/679be502948c4b58e9233d61[39m
[34m[2025-06-03 02:03:13] INFO: [Petición] GET /api/user/679be502948c4b58e9233d61[39m
[34m[2025-06-03 02:03:13] INFO: [Petición] GET /api/user/679be502948c4b58e9233d61[39m
[34m[2025-06-03 02:03:13] INFO: [Petición] GET /api/user/679be502948c4b58e9233d61[39m
[34m[2025-06-03 02:03:13] INFO: [Petición] GET /api/user/679be502948c4b58e9233d61[39m
[34m[2025-06-03 02:03:13] INFO: [Petición] GET /api/user/679be502948c4b58e9233d61[39m
[34m[2025-06-03 02:03:13] INFO: [Petición] GET /api/user/679be502948c4b58e9233d61[39m
[34m[2025-06-03 02:03:13] INFO: [Petición] GET /api/user/679be502948c4b58e9233d61[39m
[34m[2025-06-03 02:03:13] INFO: [Petición] GET /api/user/679be502948c4b58e9233d61[39m
[34m[2025-06-03 02:03:13] INFO: [Petición] GET /api/user/679be502948c4b58e9233d61[39m
[34m[2025-06-03 02:03:13] INFO: [Petición] GET /api/user/679be502948c4b58e9233d61[39m
[34m[2025-06-03 02:03:13] INFO: [Petición] GET /api/user/679be502948c4b58e9233d61[39m
[34m[2025-06-03 02:03:13] INFO: [Petición] GET /api/user/679be502948c4b58e9233d61[39m
[34m[2025-06-03 02:03:13] INFO: [Petición] GET /api/user/679be502948c4b58e9233d61[39m
[34m[2025-06-03 02:03:13] INFO: [Petición] GET /api/user/679be502948c4b58e9233d61[39m
[34m[2025-06-03 02:03:13] INFO: [Petición] GET /api/user/679be502948c4b58e9233d61[39m
[34m[2025-06-03 02:03:13] INFO: [Petición] GET /api/user/679be502948c4b58e9233d61[39m
[34m[2025-06-03 02:03:13] INFO: [Petición] GET /api/user/679be502948c4b58e9233d61[39m
[34m[2025-06-03 02:03:13] INFO: [Petición] GET /api/user/679be502948c4b58e9233d61[39m
[34m[2025-06-03 02:03:13] INFO: [Petición] GET /api/user/679be502948c4b58e9233d61[39m
[34m[2025-06-03 02:03:13] INFO: [Petición] GET /api/user/679be502948c4b58e9233d61[39m
[34m[2025-06-03 02:03:13] INFO: [Petición] GET /api/user/679be502948c4b58e9233d61[39m
[34m[2025-06-03 02:03:13] INFO: [Petición] GET /api/user/679be502948c4b58e9233d61[39m
[34m[2025-06-03 02:03:13] INFO: [Petición] GET /api/user/679be502948c4b58e9233d61[39m
[34m[2025-06-03 02:03:13] INFO: [Petición] GET /api/user/679be502948c4b58e9233d61[39m
[34m[2025-06-03 02:03:13] INFO: [Petición] GET /api/user/679be502948c4b58e9233d61[39m
[34m[2025-06-03 02:03:13] INFO: [Petición] GET /api/user/679be502948c4b58e9233d61[39m
[34m[2025-06-03 02:03:13] INFO: [Petición] GET /api/user/679be502948c4b58e9233d61[39m
[34m[2025-06-03 02:03:13] INFO: [Petición] GET /api/user/679be502948c4b58e9233d61[39m
[34m[2025-06-03 02:03:13] INFO: [Petición] GET /api/user/679be502948c4b58e9233d61[39m
[34m[2025-06-03 02:03:13] INFO: [Petición] GET /api/user/679be502948c4b58e9233d61[39m
[34m[2025-06-03 02:03:13] INFO: [Petición] GET /api/user/679be502948c4b58e9233d61[39m
[34m[2025-06-03 02:03:13] INFO: [Petición] GET /api/user/679be502948c4b58e9233d61[39m
[34m[2025-06-03 02:03:13] INFO: [Petición] GET /api/user/679be502948c4b58e9233d61[39m
[34m[2025-06-03 02:03:13] INFO: [Petición] GET /api/user/679be502948c4b58e9233d61[39m
[34m[2025-06-03 02:03:14] INFO: [Petición] GET /api/user/679be502948c4b58e9233d61[39m
[34m[2025-06-03 02:03:14] INFO: [Petición] GET /api/user/679be502948c4b58e9233d61[39m
[34m[2025-06-03 02:03:14] INFO: [Petición] GET /api/user/679be502948c4b58e9233d61[39m
[34m[2025-06-03 02:03:14] INFO: [Petición] GET /api/user/679be502948c4b58e9233d61[39m
[34m[2025-06-03 02:03:14] INFO: [Petición] GET /api/user/679be502948c4b58e9233d61[39m
[34m[2025-06-03 02:03:14] INFO: [Petición] GET /api/user/679be502948c4b58e9233d61[39m
[34m[2025-06-03 02:03:14] INFO: [Petición] GET /api/user/679be502948c4b58e9233d61[39m
[34m[2025-06-03 02:03:14] INFO: [Petición] GET /api/user/679be502948c4b58e9233d61[39m
[34m[2025-06-03 02:03:14] INFO: [Petición] GET /api/user/679be502948c4b58e9233d61[39m
[34m[2025-06-03 02:03:14] INFO: [Petición] GET /api/user/679be502948c4b58e9233d61[39m
[34m[2025-06-03 02:03:14] INFO: [Petición] GET /api/user/679be502948c4b58e9233d61[39m
[34m[2025-06-03 02:03:14] INFO: [Petición] GET /api/user/679be502948c4b58e9233d61[39m
[34m[2025-06-03 02:03:14] INFO: [Petición] GET /api/user/679be502948c4b58e9233d61[39m
[34m[2025-06-03 02:03:14] INFO: [Petición] GET /api/user/679be502948c4b58e9233d61[39m
[34m[2025-06-03 02:03:14] INFO: [Petición] GET /api/user/679be502948c4b58e9233d61[39m
[34m[2025-06-03 02:03:14] INFO: [Petición] GET /api/user/679be502948c4b58e9233d61[39m
[34m[2025-06-03 02:03:14] INFO: [Petición] GET /api/user/679be502948c4b58e9233d61[39m
[34m[2025-06-03 02:03:14] INFO: [Petición] GET /api/user/679be502948c4b58e9233d61[39m
[34m[2025-06-03 02:03:14] INFO: [Petición] GET /api/user/679be502948c4b58e9233d61[39m
[34m[2025-06-03 02:03:14] INFO: [Petición] GET /api/user/679be502948c4b58e9233d61[39m
[34m[2025-06-03 02:03:14] INFO: [Petición] GET /api/user/679be502948c4b58e9233d61[39m
[34m[2025-06-03 02:03:14] INFO: [Petición] GET /api/user/679be502948c4b58e9233d61[39m
[34m[2025-06-03 02:03:14] INFO: [Petición] GET /api/user/679be502948c4b58e9233d61[39m
[34m[2025-06-03 02:03:14] INFO: [Petición] GET /api/user/679be502948c4b58e9233d61[39m
[34m[2025-06-03 02:03:14] INFO: [Petición] GET /api/user/679be502948c4b58e9233d61[39m
[34m[2025-06-03 02:03:14] INFO: [Petición] GET /api/user/679be502948c4b58e9233d61[39m
[34m[2025-06-03 02:03:14] INFO: [Petición] GET /api/user/679be502948c4b58e9233d61[39m
[34m[2025-06-03 02:03:14] INFO: [Petición] GET /api/user/679be502948c4b58e9233d61[39m
[34m[2025-06-03 02:03:14] INFO: [Petición] GET /api/user/679be502948c4b58e9233d61[39m
[34m[2025-06-03 02:03:14] INFO: [Petición] GET /api/user/679be502948c4b58e9233d61[39m
[34m[2025-06-03 02:03:14] INFO: [Petición] GET /api/user/679be502948c4b58e9233d61[39m
[34m[2025-06-03 02:03:14] INFO: [Petición] GET /api/user/679be502948c4b58e9233d61[39m
[34m[2025-06-03 02:03:14] INFO: [Petición] GET /api/user/679be502948c4b58e9233d61[39m
[34m[2025-06-03 02:03:14] INFO: [Petición] GET /api/user/679be502948c4b58e9233d61[39m
[34m[2025-06-03 02:03:14] INFO: [Petición] GET /api/user/679be502948c4b58e9233d61[39m
[34m[2025-06-03 02:03:14] INFO: [Petición] GET /api/user/679be502948c4b58e9233d61[39m
[34m[2025-06-03 02:03:14] INFO: [Petición] GET /api/user/679be502948c4b58e9233d61[39m
[34m[2025-06-03 02:03:14] INFO: [Petición] GET /api/user/679be502948c4b58e9233d61[39m
[34m[2025-06-03 02:03:14] INFO: [Petición] GET /api/user/679be502948c4b58e9233d61[39m
[34m[2025-06-03 02:03:14] INFO: [Petición] GET /api/user/679be502948c4b58e9233d61[39m
[34m[2025-06-03 02:03:15] INFO: [Petición] GET /api/user/679be502948c4b58e9233d61[39m
[34m[2025-06-03 02:03:15] INFO: [Petición] GET /api/user/679be502948c4b58e9233d61[39m
[34m[2025-06-03 02:03:15] INFO: [Petición] GET /api/user/679be502948c4b58e9233d61[39m
[34m[2025-06-03 02:03:15] INFO: [Petición] GET /api/user/679be502948c4b58e9233d61[39m
[34m[2025-06-03 02:03:15] INFO: [Petición] GET /api/user/679be502948c4b58e9233d61[39m
[34m[2025-06-03 02:03:15] INFO: [Petición] GET /api/user/679be502948c4b58e9233d61[39m
[34m[2025-06-03 02:03:15] INFO: [Petición] GET /api/user/679be502948c4b58e9233d61[39m
[34m[2025-06-03 02:03:15] INFO: [Petición] GET /api/user/679be502948c4b58e9233d61[39m
[34m[2025-06-03 02:03:15] INFO: [Petición] GET /api/user/679be502948c4b58e9233d61[39m
[34m[2025-06-03 02:03:15] INFO: [Petición] GET /api/user/679be502948c4b58e9233d61[39m
[34m[2025-06-03 02:03:15] INFO: [Petición] GET /api/user/679be502948c4b58e9233d61[39m
[34m[2025-06-03 02:03:15] INFO: [Petición] GET /api/user/679be502948c4b58e9233d61[39m
[34m[2025-06-03 02:03:15] INFO: [Petición] GET /api/user/679be502948c4b58e9233d61[39m
[34m[2025-06-03 02:03:15] INFO: [Petición] GET /api/user/679be502948c4b58e9233d61[39m
[34m[2025-06-03 02:03:15] INFO: [Petición] GET /api/user/679be502948c4b58e9233d61[39m
[34m[2025-06-03 02:03:15] INFO: [Petición] GET /api/user/679be502948c4b58e9233d61[39m
[34m[2025-06-03 02:03:15] INFO: [Petición] GET /api/user/679be502948c4b58e9233d61[39m
[34m[2025-06-03 02:03:15] INFO: [Petición] GET /api/user/679be502948c4b58e9233d61[39m
[34m[2025-06-03 02:03:15] INFO: [Petición] GET /api/user/679be502948c4b58e9233d61[39m
[34m[2025-06-03 02:03:15] INFO: [Petición] GET /api/user/679be502948c4b58e9233d61[39m
[34m[2025-06-03 02:03:15] INFO: [Petición] GET /api/user/679be502948c4b58e9233d61[39m
[34m[2025-06-03 02:03:15] INFO: [Petición] GET /api/user/679be502948c4b58e9233d61[39m
[34m[2025-06-03 02:03:15] INFO: [Petición] GET /api/user/679be502948c4b58e9233d61[39m
[34m[2025-06-03 02:03:15] INFO: [Petición] GET /api/user/679be502948c4b58e9233d61[39m
[34m[2025-06-03 02:03:15] INFO: [Petición] GET /api/user/679be502948c4b58e9233d61[39m
[34m[2025-06-03 02:03:15] INFO: [Petición] GET /api/user/679be502948c4b58e9233d61[39m
[34m[2025-06-03 02:03:15] INFO: [Petición] GET /api/user/679be502948c4b58e9233d61[39m
[34m[2025-06-03 02:03:15] INFO: [Petición] GET /api/user/679be502948c4b58e9233d61[39m
[34m[2025-06-03 02:03:15] INFO: [Petición] GET /api/user/679be502948c4b58e9233d61[39m
[34m[2025-06-03 02:03:15] INFO: [Petición] GET /api/user/679be502948c4b58e9233d61[39m
[34m[2025-06-03 02:03:15] INFO: [Petición] GET /api/user/679be502948c4b58e9233d61[39m
[34m[2025-06-03 02:03:15] INFO: [Petición] GET /api/user/679be502948c4b58e9233d61[39m
[34m[2025-06-03 02:03:15] INFO: [Petición] GET /api/user/679be502948c4b58e9233d61[39m
[34m[2025-06-03 02:03:15] INFO: [Petición] GET /api/user/679be502948c4b58e9233d61[39m
[34m[2025-06-03 02:03:15] INFO: [Petición] GET /api/user/679be502948c4b58e9233d61[39m
[34m[2025-06-03 02:03:15] INFO: [Petición] GET /api/user/679be502948c4b58e9233d61[39m
[34m[2025-06-03 02:03:15] INFO: [Petición] GET /api/user/679be502948c4b58e9233d61[39m
[34m[2025-06-03 02:03:15] INFO: [Petición] GET /api/user/679be502948c4b58e9233d61[39m
[34m[2025-06-03 02:03:15] INFO: [Petición] GET /api/user/679be502948c4b58e9233d61[39m
[34m[2025-06-03 02:03:15] INFO: [Petición] GET /api/user/679be502948c4b58e9233d61[39m
[34m[2025-06-03 02:03:15] INFO: [Petición] GET /api/user/679be502948c4b58e9233d61[39m
[34m[2025-06-03 02:03:16] INFO: [Petición] GET /api/user/679be502948c4b58e9233d61[39m
[34m[2025-06-03 02:03:16] INFO: [Petición] GET /api/user/679be502948c4b58e9233d61[39m
[34m[2025-06-03 02:03:16] INFO: [Petición] GET /api/user/679be502948c4b58e9233d61[39m
[34m[2025-06-03 02:03:16] INFO: [Petición] GET /api/user/679be502948c4b58e9233d61[39m
[34m[2025-06-03 02:03:16] INFO: [Petición] GET /api/user/679be502948c4b58e9233d61[39m
[34m[2025-06-03 02:03:16] INFO: [Petición] GET /api/user/679be502948c4b58e9233d61[39m
[34m[2025-06-03 02:03:16] INFO: [Petición] GET /api/user/679be502948c4b58e9233d61[39m
[34m[2025-06-03 02:03:16] INFO: [Petición] GET /api/user/679be502948c4b58e9233d61[39m
[34m[2025-06-03 02:03:16] INFO: [Petición] GET /api/user/679be502948c4b58e9233d61[39m
[34m[2025-06-03 02:03:16] INFO: [Petición] GET /api/user/679be502948c4b58e9233d61[39m
[34m[2025-06-03 02:03:16] INFO: [Petición] GET /api/user/679be502948c4b58e9233d61[39m
[34m[2025-06-03 02:03:16] INFO: [Petición] GET /api/user/679be502948c4b58e9233d61[39m
[34m[2025-06-03 02:03:16] INFO: [Petición] GET /api/user/679be502948c4b58e9233d61[39m
[34m[2025-06-03 02:03:16] INFO: [Petición] GET /api/user/679be502948c4b58e9233d61[39m
[34m[2025-06-03 02:03:16] INFO: [Petición] GET /api/user/679be502948c4b58e9233d61[39m
[34m[2025-06-03 02:03:16] INFO: [Petición] GET /api/user/679be502948c4b58e9233d61[39m
[34m[2025-06-03 02:03:16] INFO: [Petición] GET /api/user/679be502948c4b58e9233d61[39m
[34m[2025-06-03 02:03:16] INFO: [Petición] GET /api/user/679be502948c4b58e9233d61[39m
[34m[2025-06-03 02:03:16] INFO: [Petición] GET /api/user/679be502948c4b58e9233d61[39m
[34m[2025-06-03 02:03:16] INFO: [Petición] GET /api/user/679be502948c4b58e9233d61[39m
[34m[2025-06-03 02:03:16] INFO: [Petición] GET /api/user/679be502948c4b58e9233d61[39m
[34m[2025-06-03 02:03:16] INFO: [Petición] GET /api/user/679be502948c4b58e9233d61[39m
[34m[2025-06-03 02:03:16] INFO: [Petición] GET /api/user/679be502948c4b58e9233d61[39m
[34m[2025-06-03 02:03:16] INFO: [Petición] GET /api/user/679be502948c4b58e9233d61[39m
[34m[2025-06-03 02:03:16] INFO: [Petición] GET /api/user/679be502948c4b58e9233d61[39m
[34m[2025-06-03 02:03:16] INFO: [Petición] GET /api/user/679be502948c4b58e9233d61[39m
[34m[2025-06-03 02:03:16] INFO: [Petición] GET /api/user/679be502948c4b58e9233d61[39m
[34m[2025-06-03 02:03:16] INFO: [Petición] GET /api/user/679be502948c4b58e9233d61[39m
[34m[2025-06-03 02:03:16] INFO: [Petición] GET /api/user/679be502948c4b58e9233d61[39m
[34m[2025-06-03 02:03:16] INFO: [Petición] GET /api/user/679be502948c4b58e9233d61[39m
[34m[2025-06-03 02:03:16] INFO: [Petición] GET /api/user/679be502948c4b58e9233d61[39m
[34m[2025-06-03 02:03:16] INFO: [Petición] GET /api/user/679be502948c4b58e9233d61[39m
[34m[2025-06-03 02:03:16] INFO: [Petición] GET /api/user/679be502948c4b58e9233d61[39m
[34m[2025-06-03 02:03:16] INFO: [Petición] GET /api/user/679be502948c4b58e9233d61[39m
[34m[2025-06-03 02:03:16] INFO: [Petición] GET /api/user/679be502948c4b58e9233d61[39m
[34m[2025-06-03 02:03:16] INFO: [Petición] GET /api/user/679be502948c4b58e9233d61[39m
[34m[2025-06-03 02:03:16] INFO: [Petición] GET /api/user/679be502948c4b58e9233d61[39m
[34m[2025-06-03 02:03:16] INFO: [Petición] GET /api/user/679be502948c4b58e9233d61[39m
[34m[2025-06-03 02:03:16] INFO: [Petición] GET /api/user/679be502948c4b58e9233d61[39m
[34m[2025-06-03 02:03:16] INFO: [Petición] GET /api/user/679be502948c4b58e9233d61[39m
[34m[2025-06-03 02:03:16] INFO: [Petición] GET /api/user/679be502948c4b58e9233d61[39m
[34m[2025-06-03 02:03:17] INFO: [Petición] GET /api/user/679be502948c4b58e9233d61[39m
[34m[2025-06-03 02:03:17] INFO: [Petición] GET /api/user/679be502948c4b58e9233d61[39m
[34m[2025-06-03 02:03:17] INFO: [Petición] GET /api/user/679be502948c4b58e9233d61[39m
[34m[2025-06-03 02:03:17] INFO: [Petición] GET /api/user/679be502948c4b58e9233d61[39m
[34m[2025-06-03 02:03:17] INFO: [Petición] GET /api/user/679be502948c4b58e9233d61[39m
[34m[2025-06-03 02:03:17] INFO: [Petición] GET /api/user[39m
[34m[2025-06-03 02:03:17] INFO: [Petición] GET /api/user[39m
[34m[2025-06-03 02:12:57] INFO: [Petición] GET /api/user[39m
[34m[2025-06-03 02:12:58] INFO: [Petición] GET /api/user[39m
[34m[2025-06-03 02:14:01] INFO: [Petición] GET /api/auth/google[39m
[34m[2025-06-03 02:14:02] INFO: [Petición] GET /api/auth/google/callback?code=4%2F0AUJR-x6TtI3CJdfLc_csDjTLJzxhJhWddllCSr8smUQW-Nio4dhX5anVF5r7WHFSyngU0g&scope=email+profile+https%3A%2F%2Fwww.googleapis.com%2Fauth%2Fuserinfo.email+https%3A%2F%2Fwww.googleapis.com%2Fauth%2Fuserinfo.profile+openid&authuser=0&prompt=none[39m
[34m[2025-06-03 02:14:05] INFO: [Petición] GET /api/auth/perfil[39m
[34m[2025-06-03 02:14:05] INFO: 🔐 Acceso permitido al usuario: 680881c0cb30b200868b2637[39m
[34m[2025-06-03 02:14:09] INFO: [Petición] GET /api/beer[39m
[34m[2025-06-03 02:14:09] INFO: [Petición] GET /api/beer[39m
[34m[2025-06-03 02:14:14] INFO: [Petición] GET /api/beer/683cd4a7fa95d0bc8726552b[39m
[34m[2025-06-03 02:14:14] INFO: [Petición] GET /api/beer/683cd4a7fa95d0bc8726552b[39m
[34m[2025-06-03 02:14:20] INFO: [Petición] GET /api/location[39m
[34m[2025-06-03 02:14:20] INFO: [Petición] GET /api/location[39m
[34m[2025-06-03 02:14:26] INFO: [Petición] GET /api/location/683d2c106a4a6ecd807c0f78[39m
[34m[2025-06-03 02:14:33] INFO: [Petición] GET /api/post[39m
[34m[2025-06-03 02:14:33] INFO: [Petición] GET /api/post[39m
[34m[2025-06-03 02:14:35] INFO: [Petición] GET /api/post/6811c8002e3ae6f06f626a0b[39m
[34m[2025-06-03 02:14:35] INFO: [Petición] GET /api/post/6811c8002e3ae6f06f626a0b/comentarios[39m
[34m[2025-06-03 02:14:35] INFO: [Petición] GET /api/post/6811c8002e3ae6f06f626a0b/comentarios[39m
[34m[2025-06-03 02:14:35] INFO: [Petición] GET /api/post/6811c8002e3ae6f06f626a0b[39m
[34m[2025-06-03 02:23:15] INFO: [Petición] GET /api/auth/google[39m
[34m[2025-06-03 02:23:15] INFO: [Petición] GET /api/auth/google/callback?code=4%2F0AUJR-x4VlwAmm_q6rPbvpUayS06-D_0Pmd-Xhhc_9YMxW8uPTyXD5apF9TX0J5z6wkpXvA&scope=email+profile+https%3A%2F%2Fwww.googleapis.com%2Fauth%2Fuserinfo.profile+openid+https%3A%2F%2Fwww.googleapis.com%2Fauth%2Fuserinfo.email&authuser=0&prompt=none[39m
[34m[2025-06-03 02:23:17] INFO: [Petición] GET /api/auth/perfil[39m
[34m[2025-06-03 02:23:17] INFO: 🔐 Acceso permitido al usuario: 680881c0cb30b200868b2637[39m
[34m[2025-06-03 02:23:20] INFO: [Petición] GET /api/beer[39m
[34m[2025-06-03 02:23:20] INFO: [Petición] GET /api/beer[39m
[34m[2025-06-03 02:23:25] INFO: [Petición] GET /api/post[39m
[34m[2025-06-03 02:23:25] INFO: [Petición] GET /api/post[39m
[34m[2025-06-03 02:23:26] INFO: [Petición] GET /api/post/6811c8002e3ae6f06f626a0b[39m
[34m[2025-06-03 02:23:26] INFO: [Petición] GET /api/post/6811c8002e3ae6f06f626a0b/comentarios[39m
[34m[2025-06-03 02:23:26] INFO: [Petición] GET /api/post/6811c8002e3ae6f06f626a0b[39m
[34m[2025-06-03 02:23:26] INFO: [Petición] GET /api/post/6811c8002e3ae6f06f626a0b/comentarios[39m
[34m[2025-06-03 02:23:31] INFO: [Petición] POST /api/post/6811c8002e3ae6f06f626a0b/like[39m
[34m[2025-06-03 02:23:31] INFO: [Petición] GET /api/post/6811c8002e3ae6f06f626a0b[39m
[34m[2025-06-03 02:42:03] INFO: [Petición] GET /api/post/6811c8002e3ae6f06f626a0b[39m
[34m[2025-06-03 02:42:03] INFO: [Petición] GET /api/post/6811c8002e3ae6f06f626a0b/comentarios[39m
[34m[2025-06-03 03:00:05] INFO: [Petición] GET /api/post/6811c8002e3ae6f06f626a0b/comentarios[39m
[34m[2025-06-03 03:00:05] INFO: [Petición] GET /api/post/6811c8002e3ae6f06f626a0b[39m
[33m[1m[2025-06-03 05:34:22] WARN: ⚠️ Conexión a MongoDB perdida[22m[39m
[34m[2025-06-03 05:34:32] INFO: 🔄 MongoDB reconectado[39m
[33m[1m[2025-06-03 08:01:23] WARN: ⚠️ Conexión a MongoDB perdida[22m[39m
[34m[2025-06-03 08:01:33] INFO: 🔄 MongoDB reconectado[39m
[33m[1m[2025-06-03 12:52:19] WARN: ⚠️ Conexión a MongoDB perdida[22m[39m
[34m[2025-06-03 12:52:29] INFO: 🔄 MongoDB reconectado[39m
[34m[2025-06-03 13:51:15] INFO: [Petición] GET /api/auth/google[39m
[34m[2025-06-03 13:51:15] INFO: [Petición] GET /api/auth/google/callback?code=4%2F0AUJR-x6WzgLk_8Mkzkffpp_RIrd7MRNV5etcXcYhLoMC77IyKzgWrbfREVzBJn5ve51nxA&scope=email+profile+https%3A%2F%2Fwww.googleapis.com%2Fauth%2Fuserinfo.email+openid+https%3A%2F%2Fwww.googleapis.com%2Fauth%2Fuserinfo.profile&authuser=0&prompt=none[39m
[34m[2025-06-03 13:51:16] INFO: [Petición] GET /api/auth/perfil[39m
[34m[2025-06-03 13:51:16] INFO: 🔐 Acceso permitido al usuario: 680881c0cb30b200868b2637[39m
[34m[2025-06-03 13:51:19] INFO: [Petición] GET /api/beer[39m
[34m[2025-06-03 13:51:19] INFO: [Petición] GET /api/beer[39m
[34m[2025-06-03 13:54:24] INFO: [Petición] GET /api/auth/google[39m
[34m[2025-06-03 13:54:24] INFO: [Petición] GET /api/auth/google/callback?code=4%2F0AUJR-x6CcC_JiAPnb3Bcap9TFuOMbF8GvOqT7LmIECM_2s4l72Gzab1j1vFrAOGAolb4fA&scope=email+profile+https%3A%2F%2Fwww.googleapis.com%2Fauth%2Fuserinfo.email+https%3A%2F%2Fwww.googleapis.com%2Fauth%2Fuserinfo.profile+openid&authuser=0&prompt=none[39m
[34m[2025-06-03 13:54:25] INFO: [Petición] GET /api/auth/perfil[39m
[34m[2025-06-03 13:54:25] INFO: 🔐 Acceso permitido al usuario: 680881c0cb30b200868b2637[39m
[34m[2025-06-03 13:54:28] INFO: [Petición] GET /api/beer[39m
[34m[2025-06-03 13:54:28] INFO: [Petición] GET /api/beer[39m
[34m[2025-06-03 13:54:35] INFO: [Petición] GET /api/location[39m
[34m[2025-06-03 13:54:35] INFO: [Petición] GET /api/location[39m
[34m[2025-06-03 13:54:35] INFO: [Petición] GET /api/beer[39m
[34m[2025-06-03 13:54:35] INFO: [Petición] GET /api/beer[39m
[34m[2025-06-03 13:54:38] INFO: [Petición] GET /api/beer/683cd4a7fa95d0bc8726552b[39m
[34m[2025-06-03 13:54:38] INFO: [Petición] GET /api/beer/683cd4a7fa95d0bc8726552b[39m
[34m[2025-06-03 15:45:57] INFO: [Petición] GET /api/auth/google[39m
[34m[2025-06-03 15:45:58] INFO: [Petición] GET /api/auth/google/callback?code=4%2F0AUJR-x5y6Cds6vKQLu3amQQHw6vz-QiPnto6ZiUV3ysOHsrtfiKBPNwjkaguuw72iEh8JA&scope=email+profile+https%3A%2F%2Fwww.googleapis.com%2Fauth%2Fuserinfo.email+https%3A%2F%2Fwww.googleapis.com%2Fauth%2Fuserinfo.profile+openid&authuser=0&prompt=none[39m
[34m[2025-06-03 15:45:59] INFO: [Petición] GET /api/auth/perfil[39m
[34m[2025-06-03 15:45:59] INFO: 🔐 Acceso permitido al usuario: 680881c0cb30b200868b2637[39m
[34m[2025-06-03 15:46:02] INFO: [Petición] GET /api/beer[39m
[34m[2025-06-03 15:46:02] INFO: [Petición] GET /api/beer[39m
[34m[2025-06-03 15:46:18] INFO: [Petición] GET /api/location[39m
[34m[2025-06-03 15:46:18] INFO: [Petición] GET /api/location[39m
[34m[2025-06-03 15:46:27] INFO: [Petición] GET /api/post[39m
[34m[2025-06-03 15:46:27] INFO: [Petición] GET /api/post[39m
[34m[2025-06-03 15:46:36] INFO: [Petición] GET /api/user[39m
[34m[2025-06-03 15:46:36] INFO: [Petición] GET /api/user[39m
[34m[2025-06-03 15:51:50] INFO: [Petición] GET /api/post[39m
[34m[2025-06-03 15:51:50] INFO: [Petición] GET /api/post[39m
[34m[2025-06-03 15:53:23] INFO: [Petición] GET /api/post/6811c8002e3ae6f06f626a0b[39m
[34m[2025-06-03 15:53:23] INFO: [Petición] GET /api/post/6811c8002e3ae6f06f626a0b/comentarios[39m
[34m[2025-06-03 15:57:27] INFO: [Petición] GET /api/post/6811c8002e3ae6f06f626a0b[39m
[34m[2025-06-03 15:57:27] INFO: [Petición] GET /api/post/6811c8002e3ae6f06f626a0b/comentarios[39m
[34m[2025-06-03 16:01:30] INFO: [Petición] GET /api/post/6811c8002e3ae6f06f626a0b[39m
[34m[2025-06-03 16:01:30] INFO: [Petición] GET /api/post/6811c8002e3ae6f06f626a0b/comentarios[39m
[34m[2025-06-03 16:04:53] INFO: [Petición] GET /api/post/6811c8002e3ae6f06f626a0b[39m
[34m[2025-06-03 16:04:53] INFO: [Petición] GET /api/post/6811c8002e3ae6f06f626a0b/comentarios[39m
[34m[2025-06-03 16:04:54] INFO: [Petición] GET /api/post/6811c8002e3ae6f06f626a0b[39m
[34m[2025-06-03 16:04:54] INFO: [Petición] GET /api/post/6811c8002e3ae6f06f626a0b/comentarios[39m
[34m[2025-06-03 16:04:54] INFO: [Petición] GET /api/post/6811c8002e3ae6f06f626a0b[39m
[34m[2025-06-03 16:04:54] INFO: [Petición] GET /api/post/6811c8002e3ae6f06f626a0b/comentarios[39m
[34m[2025-06-03 16:09:00] INFO: [Petición] GET /api/post/6811c8002e3ae6f06f626a0b[39m
[34m[2025-06-03 16:09:01] INFO: [Petición] GET /api/post/6811c8002e3ae6f06f626a0b/comentarios[39m
[33m[1m[2025-06-03 19:12:48] WARN: ⚠️ Conexión a MongoDB perdida[22m[39m
[34m[2025-06-03 19:12:58] INFO: 🔄 MongoDB reconectado[39m
[34m[2025-06-03 20:46:09] INFO: [Petición] GET /api/post/6811c8002e3ae6f06f626a0b[39m
[34m[2025-06-03 20:46:09] INFO: [Petición] GET /api/post/6811c8002e3ae6f06f626a0b/comentarios[39m
[34m[2025-06-03 20:46:13] INFO: [Petición] GET /api/post/6811c8002e3ae6f06f626a0b[39m
[34m[2025-06-03 20:46:13] INFO: [Petición] GET /api/post/6811c8002e3ae6f06f626a0b/comentarios[39m
[34m[2025-06-03 20:46:14] INFO: [Petición] GET /api/post/6811c8002e3ae6f06f626a0b/comentarios[39m
[34m[2025-06-03 20:46:14] INFO: [Petición] GET /api/post/6811c8002e3ae6f06f626a0b[39m
[34m[2025-06-03 20:46:16] INFO: [Petición] GET /api/post/6811c8002e3ae6f06f626a0b/comentarios[39m
[34m[2025-06-03 20:46:16] INFO: [Petición] GET /api/post/6811c8002e3ae6f06f626a0b[39m
[34m[2025-06-03 20:50:20] INFO: [Petición] GET /api/post/6811c8002e3ae6f06f626a0b[39m
[34m[2025-06-03 20:50:34] INFO: [Petición] POST /api/post/6811c8002e3ae6f06f626a0b/like[39m
[34m[2025-06-03 20:50:34] INFO: [Petición] GET /api/post/6811c8002e3ae6f06f626a0b[39m
[34m[2025-06-03 20:51:28] INFO: [Petición] POST /api/post/6811c8002e3ae6f06f626a0b/unlike[39m
[34m[2025-06-03 20:51:28] INFO: [Petición] GET /api/post/6811c8002e3ae6f06f626a0b[39m
[34m[2025-06-03 20:51:29] INFO: [Petición] POST /api/post/6811c8002e3ae6f06f626a0b/like[39m
[34m[2025-06-03 20:51:29] INFO: [Petición] GET /api/post/6811c8002e3ae6f06f626a0b[39m
[34m[2025-06-03 20:51:31] INFO: [Petición] POST /api/post/6811c8002e3ae6f06f626a0b/comentario[39m
[34m[2025-06-03 20:52:04] INFO: [Petición] POST /api/post/6811c8002e3ae6f06f626a0b/unlike[39m
[34m[2025-06-03 20:52:04] INFO: [Petición] GET /api/post/6811c8002e3ae6f06f626a0b[39m
[34m[2025-06-03 20:52:04] INFO: [Petición] POST /api/post/6811c8002e3ae6f06f626a0b/like[39m
[34m[2025-06-03 20:52:04] INFO: [Petición] GET /api/post/6811c8002e3ae6f06f626a0b[39m
[34m[2025-06-03 20:52:05] INFO: [Petición] POST /api/post/6811c8002e3ae6f06f626a0b/unlike[39m
[34m[2025-06-03 20:52:05] INFO: [Petición] GET /api/post/6811c8002e3ae6f06f626a0b[39m
[34m[2025-06-03 20:52:06] INFO: [Petición] POST /api/post/6811c8002e3ae6f06f626a0b/like[39m
[34m[2025-06-03 20:52:06] INFO: [Petición] GET /api/post/6811c8002e3ae6f06f626a0b[39m
[34m[2025-06-03 20:52:06] INFO: [Petición] POST /api/post/6811c8002e3ae6f06f626a0b/unlike[39m
[34m[2025-06-03 20:52:06] INFO: [Petición] GET /api/post/6811c8002e3ae6f06f626a0b[39m
[34m[2025-06-03 20:52:07] INFO: [Petición] POST /api/post/6811c8002e3ae6f06f626a0b/like[39m
[34m[2025-06-03 20:52:07] INFO: [Petición] GET /api/post/6811c8002e3ae6f06f626a0b[39m
[34m[2025-06-03 20:52:11] INFO: [Petición] POST /api/post/6811c8002e3ae6f06f626a0b/comentario[39m
[34m[2025-06-03 20:52:11] INFO: [Petición] POST /api/post/6811c8002e3ae6f06f626a0b/comentario[39m
[34m[2025-06-03 20:52:12] INFO: [Petición] POST /api/post/6811c8002e3ae6f06f626a0b/comentario[39m
[34m[2025-06-03 20:52:12] INFO: [Petición] POST /api/post/6811c8002e3ae6f06f626a0b/comentario[39m
[34m[2025-06-03 20:52:12] INFO: [Petición] POST /api/post/6811c8002e3ae6f06f626a0b/comentario[39m
[34m[2025-06-03 20:52:12] INFO: [Petición] POST /api/post/6811c8002e3ae6f06f626a0b/comentario[39m
[34m[2025-06-03 20:52:12] INFO: [Petición] POST /api/post/6811c8002e3ae6f06f626a0b/comentario[39m
[34m[2025-06-03 20:52:12] INFO: [Petición] POST /api/post/6811c8002e3ae6f06f626a0b/comentario[39m
[34m[2025-06-03 20:52:13] INFO: [Petición] POST /api/post/6811c8002e3ae6f06f626a0b/comentario[39m
[34m[2025-06-03 20:52:13] INFO: [Petición] POST /api/post/6811c8002e3ae6f06f626a0b/comentario[39m
[34m[2025-06-03 20:52:13] INFO: [Petición] POST /api/post/6811c8002e3ae6f06f626a0b/comentario[39m
[34m[2025-06-03 20:52:27] INFO: [Petición] GET /api/post/6811c8002e3ae6f06f626a0b[39m
[34m[2025-06-03 20:52:29] INFO: [Petición] GET /api/post/6811c8002e3ae6f06f626a0b[39m
[34m[2025-06-03 20:52:29] INFO: [Petición] GET /api/post/6811c8002e3ae6f06f626a0b[39m
[34m[2025-06-03 20:52:34] INFO: [Petición] POST /api/post/6811c8002e3ae6f06f626a0b/comentario[39m
[34m[2025-06-03 20:52:37] INFO: [Petición] GET /api/post/6811c8002e3ae6f06f626a0b[39m
[34m[2025-06-03 20:54:57] INFO: [Petición] GET /api/post/6811c8002e3ae6f06f626a0b[39m
[34m[2025-06-03 20:55:21] INFO: [Petición] GET /api/post/6811c8002e3ae6f06f626a0b[39m
[34m[2025-06-03 20:55:21] INFO: [Petición] GET /api/post/6811c8002e3ae6f06f626a0b[39m
[34m[2025-06-03 20:57:42] INFO: [Petición] GET /api/post/6811c8002e3ae6f06f626a0b[39m
[34m[2025-06-03 20:57:48] INFO: [Petición] POST /api/post/6811c8002e3ae6f06f626a0b/comentario[39m
[34m[2025-06-03 20:58:47] INFO: [Petición] GET /api/post/6811c8002e3ae6f06f626a0b[39m
[34m[2025-06-03 20:58:47] INFO: [Petición] GET /api/post/6811c8002e3ae6f06f626a0b/comentarios[39m
[34m[2025-06-03 20:58:47] INFO: [Petición] GET /api/post/6811c8002e3ae6f06f626a0b[39m
[34m[2025-06-03 20:58:47] INFO: [Petición] GET /api/post/6811c8002e3ae6f06f626a0b/comentarios[39m
[34m[2025-06-03 20:58:53] INFO: [Petición] POST /api/post/6811c8002e3ae6f06f626a0b/comentario[39m
[34m[2025-06-03 20:58:54] INFO: [Petición] GET /api/post/6811c8002e3ae6f06f626a0b/comentarios[39m
[34m[2025-06-03 20:59:21] INFO: [Petición] GET /api/post/6811c8002e3ae6f06f626a0b[39m
[34m[2025-06-03 20:59:22] INFO: [Petición] GET /api/post/6811c8002e3ae6f06f626a0b[39m
[34m[2025-06-03 20:59:26] INFO: [Petición] POST /api/post/6811c8002e3ae6f06f626a0b/comentario[39m
[34m[2025-06-03 20:59:32] INFO: [Petición] GET /api/post/6811c8002e3ae6f06f626a0b[39m
[34m[2025-06-03 20:59:32] INFO: [Petición] GET /api/post/6811c8002e3ae6f06f626a0b/comentarios[39m
[34m[2025-06-03 20:59:35] INFO: [Petición] POST /api/post/6811c8002e3ae6f06f626a0b/comentario[39m
[34m[2025-06-03 20:59:35] INFO: [Petición] GET /api/post/6811c8002e3ae6f06f626a0b/comentarios[39m
[34m[2025-06-03 21:01:50] INFO: [Petición] GET /api/post/6811c8002e3ae6f06f626a0b[39m
[34m[2025-06-03 21:01:50] INFO: [Petición] GET /api/post/6811c8002e3ae6f06f626a0b/comentarios[39m
[34m[2025-06-03 21:01:52] INFO: [Petición] GET /api/post/6811c8002e3ae6f06f626a0b[39m
[34m[2025-06-03 21:01:52] INFO: [Petición] GET /api/post/6811c8002e3ae6f06f626a0b/comentarios[39m
[34m[2025-06-03 21:01:52] INFO: [Petición] GET /api/post/6811c8002e3ae6f06f626a0b[39m
[34m[2025-06-03 21:01:52] INFO: [Petición] GET /api/post/6811c8002e3ae6f06f626a0b/comentarios[39m
[34m[2025-06-03 21:13:26] INFO: [Petición] GET /api/post/6811c8002e3ae6f06f626a0b[39m
[34m[2025-06-03 21:13:26] INFO: [Petición] GET /api/post/6811c8002e3ae6f06f626a0b/comentarios[39m
[34m[2025-06-03 21:13:27] INFO: [Petición] GET /api/post/6811c8002e3ae6f06f626a0b[39m
[34m[2025-06-03 21:13:27] INFO: [Petición] GET /api/post/6811c8002e3ae6f06f626a0b/comentarios[39m
[34m[2025-06-03 21:13:27] INFO: [Petición] GET /api/post/6811c8002e3ae6f06f626a0b[39m
[34m[2025-06-03 21:13:27] INFO: [Petición] GET /api/post/6811c8002e3ae6f06f626a0b/comentarios[39m
[34m[2025-06-03 21:13:46] INFO: [Petición] GET /api/post/6811c8002e3ae6f06f626a0b[39m
[34m[2025-06-03 21:13:46] INFO: [Petición] GET /api/post/6811c8002e3ae6f06f626a0b/comentarios[39m
[34m[2025-06-03 21:13:48] INFO: [Petición] GET /api/post/6811c8002e3ae6f06f626a0b[39m
[34m[2025-06-03 21:13:49] INFO: [Petición] GET /api/post/6811c8002e3ae6f06f626a0b/comentarios[39m
[34m[2025-06-03 21:16:43] INFO: [Petición] GET /api/post/6811c8002e3ae6f06f626a0b[39m
[34m[2025-06-03 21:16:43] INFO: [Petición] GET /api/post/6811c8002e3ae6f06f626a0b/comentarios[39m
[34m[2025-06-03 21:16:55] INFO: [Petición] GET /api/post/6811c8002e3ae6f06f626a0b[39m
[34m[2025-06-03 21:16:55] INFO: [Petición] GET /api/post/6811c8002e3ae6f06f626a0b/comentarios[39m
[34m[2025-06-03 21:16:55] INFO: [Petición] GET /api/post/6811c8002e3ae6f06f626a0b[39m
[34m[2025-06-03 21:16:55] INFO: [Petición] GET /api/post/6811c8002e3ae6f06f626a0b/comentarios[39m
[34m[2025-06-03 21:16:57] INFO: [Petición] GET /api/post/6811c8002e3ae6f06f626a0b[39m
[34m[2025-06-03 21:16:57] INFO: [Petición] GET /api/post/6811c8002e3ae6f06f626a0b/comentarios[39m
[34m[2025-06-03 21:20:01] INFO: [Petición] GET /api/post/6811c8002e3ae6f06f626a0b[39m
[34m[2025-06-03 21:20:01] INFO: [Petición] GET /api/post/6811c8002e3ae6f06f626a0b/comentarios[39m
[34m[2025-06-03 21:20:04] INFO: [Petición] GET /api/post/6811c8002e3ae6f06f626a0b/comentarios[39m
[34m[2025-06-03 21:20:04] INFO: [Petición] GET /api/post/6811c8002e3ae6f06f626a0b[39m
[34m[2025-06-03 21:22:14] INFO: [Petición] GET /api/post/6811c8002e3ae6f06f626a0b/comentarios[39m
[34m[2025-06-03 21:22:14] INFO: [Petición] GET /api/post/6811c8002e3ae6f06f626a0b[39m
[34m[2025-06-03 21:22:24] INFO: [Petición] GET /api/post/6811c8002e3ae6f06f626a0b/comentarios[39m
[34m[2025-06-03 21:22:24] INFO: [Petición] GET /api/post/6811c8002e3ae6f06f626a0b[39m
[34m[2025-06-03 21:22:34] INFO: [Petición] PUT /api/comentario/683f9a77b420b8595bdb946f[39m
[34m[2025-06-03 21:23:41] INFO: Servidor iniciado en el puerto 3940[39m
[34m[2025-06-03 21:23:41] INFO: ✅ MongoDB conectado: localhost[39m
[34m[2025-06-03 21:35:16] INFO: Servidor iniciado en el puerto 3940[39m
[34m[2025-06-03 21:35:16] INFO: ✅ MongoDB conectado: localhost[39m
[34m[2025-06-03 21:38:48] INFO: Servidor iniciado en el puerto 3940[39m
[34m[2025-06-03 21:38:48] INFO: ✅ MongoDB conectado: localhost[39m
[34m[2025-06-03 21:38:53] INFO: Servidor iniciado en el puerto 3940[39m
[34m[2025-06-03 21:38:53] INFO: ✅ MongoDB conectado: localhost[39m
[34m[2025-06-03 21:39:35] INFO: [Petición] GET /api/post/6811c8002e3ae6f06f626a0b[39m
[34m[2025-06-03 21:39:35] INFO: [Petición] GET /api/post/6811c8002e3ae6f06f626a0b/comentarios[39m
[34m[2025-06-03 21:39:35] INFO: [Petición] GET /api/post/6811c8002e3ae6f06f626a0b[39m
[34m[2025-06-03 21:39:35] INFO: [Petición] GET /api/post/6811c8002e3ae6f06f626a0b/comentarios[39m
[34m[2025-06-03 21:40:10] INFO: [Petición] GET /api/post/6811c8002e3ae6f06f626a0b/comentarios[39m
[34m[2025-06-03 21:40:10] INFO: [Petición] GET /api/post/6811c8002e3ae6f06f626a0b[39m
[34m[2025-06-03 21:40:16] INFO: [Petición] POST /api/post/6811c8002e3ae6f06f626a0b/comentario[39m
[34m[2025-06-03 21:40:16] INFO: [Petición] GET /api/post/6811c8002e3ae6f06f626a0b/comentarios[39m
[34m[2025-06-03 21:40:18] INFO: [Petición] GET /api/post/6811c8002e3ae6f06f626a0b/comentarios[39m
[34m[2025-06-03 21:40:18] INFO: [Petición] GET /api/post/6811c8002e3ae6f06f626a0b[39m
[34m[2025-06-03 21:40:57] INFO: [Petición] GET /api/post[39m
[34m[2025-06-03 21:40:57] INFO: [Petición] GET /api/post[39m
[34m[2025-06-03 21:41:36] INFO: [Petición] GET /api/post[39m
[34m[2025-06-03 21:42:07] INFO: [Petición] GET /api/post/6811c8002e3ae6f06f626a0b/comentarios[39m
[34m[2025-06-03 21:42:10] INFO: [Petición] GET /api/post/6811c8002e3ae6f06f626a0b/comentarios[39m
[34m[2025-06-03 21:42:17] INFO: [Petición] GET /api/post[39m
[34m[2025-06-03 21:42:19] INFO: [Petición] GET /api/post[39m
[34m[2025-06-03 21:42:19] INFO: [Petición] GET /api/post[39m
[34m[2025-06-03 21:44:23] INFO: [Petición] GET /api/post[39m
[34m[2025-06-03 21:44:44] INFO: [Petición] GET /api/post/683d2f3f6a4a6ecd807c0f9d[39m
[34m[2025-06-03 21:44:44] INFO: [Petición] GET /api/post/683d2f3f6a4a6ecd807c0f9d/comentarios[39m
[34m[2025-06-03 21:45:06] INFO: [Petición] PUT /api/post/683d2f3f6a4a6ecd807c0f9d[39m
[34m[2025-06-03 21:45:06] INFO: [Petición] GET /api/post/683d2f3f6a4a6ecd807c0f9d[39m
[34m[2025-06-03 21:45:19] INFO: [Petición] POST /api/post/683d2f3f6a4a6ecd807c0f9d/comentario[39m
[34m[2025-06-03 21:45:19] INFO: [Petición] GET /api/post/683d2f3f6a4a6ecd807c0f9d/comentarios[39m
[34m[2025-06-03 21:45:39] INFO: [Petición] GET /api/post[39m
[34m[2025-06-03 21:45:39] INFO: [Petición] GET /api/post[39m
[34m[2025-06-03 21:45:54] INFO: [Petición] GET /api/post/6811c8002e3ae6f06f626a0b[39m
[34m[2025-06-03 21:45:54] INFO: [Petición] GET /api/post/6811c8002e3ae6f06f626a0b/comentarios[39m
[34m[2025-06-03 21:45:54] INFO: [Petición] GET /api/post/6811c8002e3ae6f06f626a0b[39m
[34m[2025-06-03 21:45:54] INFO: [Petición] GET /api/post/6811c8002e3ae6f06f626a0b/comentarios[39m
[34m[2025-06-03 21:45:59] INFO: [Petición] POST /api/post/6811c8002e3ae6f06f626a0b/comentario[39m
[34m[2025-06-03 21:45:59] INFO: [Petición] GET /api/post/6811c8002e3ae6f06f626a0b/comentarios[39m
[34m[2025-06-03 21:46:05] INFO: [Petición] GET /api/post[39m
[34m[2025-06-03 21:46:05] INFO: [Petición] GET /api/post[39m
[34m[2025-06-03 21:46:06] INFO: [Petición] GET /api/post/683d2f3f6a4a6ecd807c0f9d/comentarios[39m
[34m[2025-06-03 21:46:06] INFO: [Petición] GET /api/post/683d2f3f6a4a6ecd807c0f9d[39m
[34m[2025-06-03 21:46:06] INFO: [Petición] GET /api/post/683d2f3f6a4a6ecd807c0f9d/comentarios[39m
[34m[2025-06-03 21:46:06] INFO: [Petición] GET /api/post/683d2f3f6a4a6ecd807c0f9d[39m
[34m[2025-06-03 21:46:07] INFO: [Petición] GET /api/post[39m
[34m[2025-06-03 21:46:07] INFO: [Petición] GET /api/post[39m
[34m[2025-06-03 21:46:08] INFO: [Petición] GET /api/post/6811c8002e3ae6f06f626a0b/comentarios[39m
[34m[2025-06-03 21:46:08] INFO: [Petición] GET /api/post/6811c8002e3ae6f06f626a0b[39m
[34m[2025-06-03 21:46:08] INFO: [Petición] GET /api/post/6811c8002e3ae6f06f626a0b[39m
[34m[2025-06-03 21:46:08] INFO: [Petición] GET /api/post/6811c8002e3ae6f06f626a0b/comentarios[39m
[34m[2025-06-03 21:46:13] INFO: [Petición] GET /api/post/6811c8002e3ae6f06f626a0b[39m
[34m[2025-06-03 21:46:13] INFO: [Petición] GET /api/post/6811c8002e3ae6f06f626a0b/comentarios[39m
[34m[2025-06-03 21:46:18] INFO: [Petición] GET /api/post[39m
[34m[2025-06-03 21:46:18] INFO: [Petición] GET /api/post[39m
[34m[2025-06-03 21:46:19] INFO: [Petición] GET /api/post/683d2f3f6a4a6ecd807c0f9d[39m
[34m[2025-06-03 21:46:19] INFO: [Petición] GET /api/post/683d2f3f6a4a6ecd807c0f9d/comentarios[39m
[34m[2025-06-03 21:46:19] INFO: [Petición] GET /api/post/683d2f3f6a4a6ecd807c0f9d[39m
[34m[2025-06-03 21:46:19] INFO: [Petición] GET /api/post/683d2f3f6a4a6ecd807c0f9d/comentarios[39m
[34m[2025-06-03 21:46:21] INFO: [Petición] GET /api/post[39m
[34m[2025-06-03 21:46:21] INFO: [Petición] GET /api/post[39m
[34m[2025-06-03 21:46:28] INFO: [Petición] GET /api/post/6811c8002e3ae6f06f626a0b[39m
[34m[2025-06-03 21:46:28] INFO: [Petición] GET /api/post/6811c8002e3ae6f06f626a0b/comentarios[39m
[34m[2025-06-03 21:46:28] INFO: [Petición] GET /api/post/6811c8002e3ae6f06f626a0b[39m
[34m[2025-06-03 21:46:28] INFO: [Petición] GET /api/post/6811c8002e3ae6f06f626a0b/comentarios[39m
[34m[2025-06-03 21:47:12] INFO: [Petición] GET /api/post/6811c8002e3ae6f06f626a0b[39m
[34m[2025-06-03 21:47:12] INFO: [Petición] GET /api/post/6811c8002e3ae6f06f626a0b/comentarios[39m
[34m[2025-06-03 21:47:13] INFO: [Petición] GET /api/post/6811c8002e3ae6f06f626a0b[39m
[34m[2025-06-03 21:47:13] INFO: [Petición] GET /api/post/6811c8002e3ae6f06f626a0b/comentarios[39m
[34m[2025-06-03 21:47:15] INFO: [Petición] GET /api/post/6811c8002e3ae6f06f626a0b[39m
[34m[2025-06-03 21:47:15] INFO: [Petición] GET /api/post/6811c8002e3ae6f06f626a0b/comentarios[39m
[34m[2025-06-03 21:47:16] INFO: [Petición] GET /api/post[39m
[34m[2025-06-03 21:47:16] INFO: [Petición] GET /api/post[39m
[34m[2025-06-03 21:47:18] INFO: [Petición] GET /api/post[39m
[34m[2025-06-03 21:47:20] INFO: [Petición] GET /api/post/683d2f3f6a4a6ecd807c0f9d[39m
[34m[2025-06-03 21:47:20] INFO: [Petición] GET /api/post/683d2f3f6a4a6ecd807c0f9d/comentarios[39m
[34m[2025-06-03 21:47:20] INFO: [Petición] GET /api/post/683d2f3f6a4a6ecd807c0f9d[39m
[34m[2025-06-03 21:47:20] INFO: [Petición] GET /api/post/683d2f3f6a4a6ecd807c0f9d/comentarios[39m
[34m[2025-06-03 22:04:45] INFO: [Petición] GET /api/post/683d2f3f6a4a6ecd807c0f9d[39m
[34m[2025-06-03 22:04:45] INFO: [Petición] GET /api/post/683d2f3f6a4a6ecd807c0f9d/comentarios[39m
[34m[2025-06-03 22:17:36] INFO: Servidor iniciado en el puerto 3940[39m
[34m[2025-06-03 22:17:37] INFO: ✅ MongoDB conectado: localhost[39m
[34m[2025-06-03 22:56:33] INFO: [Petición] GET /api/post/683d2f3f6a4a6ecd807c0f9d[39m
[34m[2025-06-03 22:56:33] INFO: [Petición] GET /api/post/683d2f3f6a4a6ecd807c0f9d/comentarios[39m
[34m[2025-06-03 22:56:33] INFO: [Petición] GET /api/post/683d2f3f6a4a6ecd807c0f9d/comentarios[39m
[34m[2025-06-03 22:56:33] INFO: [Petición] GET /api/post/683d2f3f6a4a6ecd807c0f9d[39m
[34m[2025-06-03 22:58:31] INFO: [Petición] GET /api/post/683d2f3f6a4a6ecd807c0f9d[39m
[34m[2025-06-03 22:58:31] INFO: [Petición] GET /api/post/683d2f3f6a4a6ecd807c0f9d/comentarios[39m
[34m[2025-06-03 23:27:14] INFO: Servidor iniciado en el puerto 3940[39m
[34m[2025-06-03 23:27:14] INFO: ✅ MongoDB conectado: localhost[39m
[34m[2025-06-03 23:27:46] INFO: [Petición] POST /api/auth/login[39m
[34m[2025-06-03 23:27:51] INFO: [Petición] GET /api/beer[39m
[34m[2025-06-03 23:27:51] INFO: [Petición] GET /api/beer[39m
[34m[2025-06-03 23:27:58] INFO: [Petición] GET /api/beer/682c1d7c43d139e895c1d034[39m
[34m[2025-06-03 23:27:58] INFO: [Petición] GET /api/beer/682c1d7c43d139e895c1d034[39m
[34m[2025-06-03 23:28:33] INFO: [Petición] GET /api/post[39m
[34m[2025-06-03 23:28:33] INFO: [Petición] GET /api/post[39m
[34m[2025-06-03 23:28:37] INFO: [Petición] GET /api/post/683d2f3f6a4a6ecd807c0f9d/comentarios[39m
[34m[2025-06-03 23:28:37] INFO: [Petición] GET /api/post/683d2f3f6a4a6ecd807c0f9d[39m
[34m[2025-06-03 23:28:37] INFO: [Petición] GET /api/post/683d2f3f6a4a6ecd807c0f9d[39m
[34m[2025-06-03 23:28:37] INFO: [Petición] GET /api/post/683d2f3f6a4a6ecd807c0f9d/comentarios[39m
[34m[2025-06-03 23:35:27] INFO: [Petición] GET /api/post/683d2f3f6a4a6ecd807c0f9d[39m
[34m[2025-06-03 23:35:27] INFO: [Petición] GET /api/post/683d2f3f6a4a6ecd807c0f9d/comentarios[39m
[34m[2025-06-03 23:36:00] INFO: [Petición] GET /api/post/683d2f3f6a4a6ecd807c0f9d[39m
[34m[2025-06-03 23:36:00] INFO: [Petición] GET /api/post/683d2f3f6a4a6ecd807c0f9d/comentarios[39m
[34m[2025-06-03 23:36:05] INFO: [Petición] GET /api/post/683d2f3f6a4a6ecd807c0f9d[39m
[34m[2025-06-03 23:36:05] INFO: [Petición] GET /api/post/683d2f3f6a4a6ecd807c0f9d/comentarios[39m
[34m[2025-06-03 23:36:07] INFO: [Petición] GET /api/post[39m
[34m[2025-06-03 23:36:07] INFO: [Petición] GET /api/post[39m
[34m[2025-06-03 23:36:09] INFO: [Petición] GET /api/post/683d2f3f6a4a6ecd807c0f9d[39m
[34m[2025-06-03 23:36:09] INFO: [Petición] GET /api/post/683d2f3f6a4a6ecd807c0f9d/comentarios[39m
[34m[2025-06-03 23:36:09] INFO: [Petición] GET /api/post/683d2f3f6a4a6ecd807c0f9d[39m
[34m[2025-06-03 23:36:09] INFO: [Petición] GET /api/post/683d2f3f6a4a6ecd807c0f9d/comentarios[39m
[34m[2025-06-03 23:36:11] INFO: [Petición] GET /api/post[39m
[34m[2025-06-03 23:36:11] INFO: [Petición] GET /api/post[39m
[34m[2025-06-03 23:36:12] INFO: [Petición] POST /api/post/683d2f3f6a4a6ecd807c0f9d/unlike[39m
[34m[2025-06-03 23:36:12] INFO: [Petición] GET /api/post[39m
[34m[2025-06-03 23:36:13] INFO: [Petición] POST /api/post/683d2f3f6a4a6ecd807c0f9d/unlike[39m
[34m[2025-06-03 23:36:13] INFO: [Petición] GET /api/post[39m
[34m[2025-06-03 23:36:16] INFO: [Petición] GET /api/post/683d2f3f6a4a6ecd807c0f9d[39m
[34m[2025-06-03 23:36:16] INFO: [Petición] GET /api/post/683d2f3f6a4a6ecd807c0f9d/comentarios[39m
[34m[2025-06-03 23:36:16] INFO: [Petición] GET /api/post/683d2f3f6a4a6ecd807c0f9d/comentarios[39m
[34m[2025-06-03 23:36:16] INFO: [Petición] GET /api/post/683d2f3f6a4a6ecd807c0f9d[39m
[34m[2025-06-03 23:36:26] INFO: [Petición] POST /api/post/683d2f3f6a4a6ecd807c0f9d/comentario[39m
[34m[2025-06-03 23:36:26] INFO: [Petición] GET /api/post/683d2f3f6a4a6ecd807c0f9d/comentarios[39m
[34m[2025-06-03 23:36:29] INFO: [Petición] DELETE /api/post/683d2f3f6a4a6ecd807c0f9d/comentario/683fbf3a93be927da5739e32[39m
[34m[2025-06-03 23:36:30] INFO: [Petición] GET /api/post/683d2f3f6a4a6ecd807c0f9d[39m
[34m[2025-06-03 23:36:30] INFO: [Petición] GET /api/post/683d2f3f6a4a6ecd807c0f9d/comentarios[39m
[34m[2025-06-03 23:36:33] INFO: [Petición] DELETE /api/post/683d2f3f6a4a6ecd807c0f9d/comentario/683fbf3a93be927da5739e32[39m
[34m[2025-06-03 23:56:18] INFO: [Petición] GET /api/post/683d2f3f6a4a6ecd807c0f9d[39m
[34m[2025-06-03 23:56:18] INFO: [Petición] GET /api/post/683d2f3f6a4a6ecd807c0f9d/comentarios[39m
[34m[2025-06-03 23:56:18] INFO: [Petición] GET /api/post/683d2f3f6a4a6ecd807c0f9d[39m
[34m[2025-06-03 23:56:18] INFO: [Petición] GET /api/post/683d2f3f6a4a6ecd807c0f9d/comentarios[39m
[34m[2025-06-03 23:56:22] INFO: [Petición] DELETE /api/post/683d2f3f6a4a6ecd807c0f9d/comentario/683fbf3a93be927da5739e32[39m
[34m[2025-06-03 23:56:28] INFO: [Petición] PUT /api/post/683d2f3f6a4a6ecd807c0f9d/comentario/683fbf3a93be927da5739e32[39m
[34m[2025-06-04 00:03:50] INFO: [Petición] GET /api/post/683d2f3f6a4a6ecd807c0f9d/comentarios[39m
[34m[2025-06-04 00:03:50] INFO: [Petición] GET /api/post/683d2f3f6a4a6ecd807c0f9d[39m
[34m[2025-06-04 00:07:33] INFO: [Petición] GET /api/post/683d2f3f6a4a6ecd807c0f9d[39m
[34m[2025-06-04 00:07:33] INFO: [Petición] GET /api/post/683d2f3f6a4a6ecd807c0f9d/comentarios[39m
[34m[2025-06-04 00:07:37] INFO: [Petición] DELETE /api/post/comentario/683fbf3a93be927da5739e32[39m
[34m[2025-06-04 00:07:37] INFO: [Petición] GET /api/post/683d2f3f6a4a6ecd807c0f9d/comentarios[39m
[34m[2025-06-04 00:07:38] INFO: [Petición] GET /api/post[39m
[34m[2025-06-04 00:07:39] INFO: [Petición] GET /api/post[39m
[34m[2025-06-04 00:07:40] INFO: [Petición] GET /api/post/683d2f3f6a4a6ecd807c0f9d[39m
[34m[2025-06-04 00:07:40] INFO: [Petición] GET /api/post/683d2f3f6a4a6ecd807c0f9d/comentarios[39m
[34m[2025-06-04 00:07:40] INFO: [Petición] GET /api/post/683d2f3f6a4a6ecd807c0f9d/comentarios[39m
[34m[2025-06-04 00:07:40] INFO: [Petición] GET /api/post/683d2f3f6a4a6ecd807c0f9d[39m
[34m[2025-06-04 00:08:05] INFO: [Petición] GET /api/post[39m
[34m[2025-06-04 00:08:05] INFO: [Petición] GET /api/post[39m
[34m[2025-06-04 00:08:06] INFO: [Petición] GET /api/post[39m
[34m[2025-06-04 00:24:32] INFO: [Petición] GET /api/post[39m
[34m[2025-06-04 00:25:04] INFO: [Petición] POST /api/post/upload[39m
[34m[2025-06-04 00:25:04] INFO: [Petición] POST /api/post[39m
[34m[2025-06-04 00:25:04] INFO: ✅ Nuevo post creado por usuario 679a9a7ec0fd31f8046370ac: Odissea, muy buenas cervezas[39m
[34m[2025-06-04 00:25:04] INFO: [Petición] GET /api/post[39m
[34m[2025-06-04 00:25:06] INFO: [Petición] POST /api/post/683fcaa093be927da5739e65/like[39m
[34m[2025-06-04 00:25:06] INFO: [Petición] GET /api/post[39m
[34m[2025-06-04 00:25:07] INFO: [Petición] GET /api/post/683fcaa093be927da5739e65[39m
[34m[2025-06-04 00:25:07] INFO: [Petición] GET /api/post/683fcaa093be927da5739e65/comentarios[39m
[34m[2025-06-04 00:25:07] INFO: [Petición] GET /api/post/683fcaa093be927da5739e65[39m
[34m[2025-06-04 00:25:07] INFO: [Petición] GET /api/post/683fcaa093be927da5739e65/comentarios[39m
[34m[2025-06-04 00:30:34] INFO: [Petición] GET /api/post/683fcaa093be927da5739e65[39m
[34m[2025-06-04 00:30:34] INFO: [Petición] GET /api/post/683fcaa093be927da5739e65/comentarios[39m
[34m[2025-06-04 00:31:56] INFO: [Petición] POST /api/auth/login[39m
[34m[2025-06-04 00:31:58] INFO: [Petición] GET /api/beer[39m
[34m[2025-06-04 00:31:58] INFO: [Petición] GET /api/beer[39m
[34m[2025-06-04 00:32:00] INFO: [Petición] GET /api/post/undefined[39m
[31m[1m[2025-06-04 00:32:00] ERROR: ❌ Error obteniendo post: Cast to ObjectId failed for value "undefined" (type string) at path "_id" for model "Post"[22m[39m
[34m[2025-06-04 00:32:00] INFO: [Petición] GET /api/post/undefined/comentarios[39m
[34m[2025-06-04 00:32:00] INFO: [Petición] GET /api/post/undefined/comentarios[39m
[34m[2025-06-04 00:32:00] INFO: [Petición] GET /api/post/undefined[39m
[31m[1m[2025-06-04 00:32:00] ERROR: ❌ Error obteniendo post: Cast to ObjectId failed for value "undefined" (type string) at path "_id" for model "Post"[22m[39m
[34m[2025-06-04 00:50:58] INFO: [Petición] GET /api/post[39m
[34m[2025-06-04 00:50:59] INFO: [Petición] GET /api/post[39m
[34m[2025-06-04 00:51:01] INFO: [Petición] GET /api/post/683fcaa093be927da5739e65[39m
[34m[2025-06-04 00:51:01] INFO: [Petición] GET /api/post/683fcaa093be927da5739e65/comentarios[39m
[34m[2025-06-04 00:51:01] INFO: [Petición] GET /api/post/683fcaa093be927da5739e65[39m
[34m[2025-06-04 00:51:01] INFO: [Petición] GET /api/post/683fcaa093be927da5739e65/comentarios[39m
[34m[2025-06-04 00:51:13] INFO: [Petición] PUT /api/post/683fcaa093be927da5739e65[39m
[34m[2025-06-04 00:51:13] INFO: [Petición] GET /api/post/683fcaa093be927da5739e65[39m
[34m[2025-06-04 00:51:19] INFO: [Petición] POST /api/post/683fcaa093be927da5739e65/comentario[39m
[34m[2025-06-04 00:51:19] INFO: [Petición] GET /api/post/683fcaa093be927da5739e65/comentarios[39m
[34m[2025-06-04 00:51:21] INFO: [Petición] DELETE /api/post/comentario/683fd0c793be927da5739ea1[39m
[34m[2025-06-04 00:51:21] INFO: [Petición] GET /api/post/683fcaa093be927da5739e65/comentarios[39m
[34m[2025-06-04 00:51:24] INFO: [Petición] POST /api/post/683fcaa093be927da5739e65/comentario[39m
[34m[2025-06-04 00:51:24] INFO: [Petición] GET /api/post/683fcaa093be927da5739e65/comentarios[39m
[34m[2025-06-04 00:51:34] INFO: [Petición] PUT /api/post/comentario/683fd0cc93be927da5739ea9[39m
[34m[2025-06-04 00:51:34] INFO: [Petición] GET /api/post/683fcaa093be927da5739e65/comentarios[39m
[34m[2025-06-04 00:51:38] INFO: [Petición] GET /api/post[39m
[34m[2025-06-04 00:51:38] INFO: [Petición] GET /api/post[39m
[34m[2025-06-04 00:51:55] INFO: [Petición] GET /api/post[39m
[34m[2025-06-04 00:51:55] INFO: [Petición] GET /api/post/683fcaa093be927da5739e65[39m
[34m[2025-06-04 00:51:55] INFO: [Petición] GET /api/post/683fcaa093be927da5739e65/comentarios[39m
[34m[2025-06-04 00:51:55] INFO: [Petición] GET /api/post/683fcaa093be927da5739e65[39m
[34m[2025-06-04 00:51:55] INFO: [Petición] GET /api/post/683fcaa093be927da5739e65/comentarios[39m
[34m[2025-06-04 00:51:59] INFO: [Petición] DELETE /api/post/683fcaa093be927da5739e65[39m
[34m[2025-06-04 00:51:59] INFO: [Petición] GET /api/post[39m
[34m[2025-06-04 00:51:59] INFO: [Petición] GET /api/post[39m
[34m[2025-06-04 00:54:35] INFO: [Petición] GET /api/post[39m
[34m[2025-06-04 00:54:37] INFO: [Petición] GET /api/post/create[39m
[31m[1m[2025-06-04 00:54:37] ERROR: ❌ Error obteniendo post: Cast to ObjectId failed for value "create" (type string) at path "_id" for model "Post"[22m[39m
[34m[2025-06-04 00:54:37] INFO: [Petición] GET /api/post/create/comentarios[39m
[34m[2025-06-04 00:54:37] INFO: [Petición] GET /api/post/create[39m
[31m[1m[2025-06-04 00:54:37] ERROR: ❌ Error obteniendo post: Cast to ObjectId failed for value "create" (type string) at path "_id" for model "Post"[22m[39m
[34m[2025-06-04 00:54:37] INFO: [Petición] GET /api/post/create/comentarios[39m
[34m[2025-06-04 00:54:43] INFO: [Petición] GET /api/post[39m
[34m[2025-06-04 00:54:43] INFO: [Petición] GET /api/post[39m
[34m[2025-06-04 00:54:45] INFO: [Petición] GET /api/post/create[39m
[31m[1m[2025-06-04 00:54:45] ERROR: ❌ Error obteniendo post: Cast to ObjectId failed for value "create" (type string) at path "_id" for model "Post"[22m[39m
[34m[2025-06-04 00:54:45] INFO: [Petición] GET /api/post/create/comentarios[39m
[34m[2025-06-04 00:54:45] INFO: [Petición] GET /api/post/create/comentarios[39m
[34m[2025-06-04 00:54:45] INFO: [Petición] GET /api/post/create[39m
[31m[1m[2025-06-04 00:54:45] ERROR: ❌ Error obteniendo post: Cast to ObjectId failed for value "create" (type string) at path "_id" for model "Post"[22m[39m
[34m[2025-06-04 00:54:58] INFO: [Petición] GET /api/post[39m
[34m[2025-06-04 00:54:58] INFO: [Petición] GET /api/post[39m
[34m[2025-06-04 00:55:00] INFO: [Petición] GET /api/post[39m
[34m[2025-06-04 00:55:00] INFO: [Petición] GET /api/post/nueva[39m
[31m[1m[2025-06-04 00:55:00] ERROR: ❌ Error obteniendo post: Cast to ObjectId failed for value "nueva" (type string) at path "_id" for model "Post"[22m[39m
[34m[2025-06-04 00:55:00] INFO: [Petición] GET /api/post/nueva/comentarios[39m
[34m[2025-06-04 00:55:00] INFO: [Petición] GET /api/post/nueva[39m
[31m[1m[2025-06-04 00:55:00] ERROR: ❌ Error obteniendo post: Cast to ObjectId failed for value "nueva" (type string) at path "_id" for model "Post"[22m[39m
[34m[2025-06-04 00:55:00] INFO: [Petición] GET /api/post/nueva/comentarios[39m
[34m[2025-06-04 00:55:01] INFO: [Petición] GET /api/post[39m
[34m[2025-06-04 00:55:01] INFO: [Petición] GET /api/post[39m
[34m[2025-06-04 00:55:17] INFO: [Petición] GET /api/post[39m
[34m[2025-06-04 00:55:20] INFO: [Petición] GET /api/post[39m
[34m[2025-06-04 00:55:21] INFO: [Petición] GET /api/post[39m
[34m[2025-06-04 00:55:34] INFO: [Petición] POST /api/auth/login[39m
[34m[2025-06-04 00:55:40] INFO: [Petición] GET /api/beer[39m
[34m[2025-06-04 00:55:40] INFO: [Petición] GET /api/beer[39m
[34m[2025-06-04 00:55:43] INFO: [Petición] GET /api/post[39m
[34m[2025-06-04 00:55:43] INFO: [Petición] GET /api/post[39m
[34m[2025-06-04 00:55:49] INFO: [Petición] GET /api/user[39m
[34m[2025-06-04 00:55:49] INFO: [Petición] GET /api/user[39m
[34m[2025-06-04 00:55:50] INFO: [Petición] GET /api/post[39m
[34m[2025-06-04 00:55:50] INFO: [Petición] GET /api/post[39m
[34m[2025-06-04 00:56:53] INFO: [Petición] GET /api/post[39m
[34m[2025-06-04 01:00:16] INFO: [Petición] GET /api/post[39m
[34m[2025-06-04 01:24:25] INFO: [Petición] GET /api/post[39m
[34m[2025-06-04 01:24:35] INFO: [Petición] GET /api/post[39m
[34m[2025-06-04 01:27:40] INFO: [Petición] GET /api/post[39m
[34m[2025-06-04 01:27:46] INFO: [Petición] POST /api/auth/login[39m
[34m[2025-06-04 01:27:48] INFO: [Petición] GET /api/beer[39m
[34m[2025-06-04 01:27:48] INFO: [Petición] GET /api/beer[39m
[34m[2025-06-04 01:27:50] INFO: [Petición] GET /api/post[39m
[34m[2025-06-04 01:27:50] INFO: [Petición] GET /api/post[39m
[34m[2025-06-04 01:28:24] INFO: [Petición] POST /api/post/upload[39m
[34m[2025-06-04 01:28:24] INFO: [Petición] POST /api/post[39m
[34m[2025-06-04 01:28:24] INFO: ✅ Nuevo post creado por usuario 679a9a7ec0fd31f8046370ac: odissea una cerveza increíble [39m
[34m[2025-06-04 01:28:24] INFO: [Petición] GET /api/post[39m
[34m[2025-06-04 01:28:27] INFO: [Petición] POST /api/post/683fd97893be927da5739f29/like[39m
[34m[2025-06-04 01:28:27] INFO: [Petición] GET /api/post[39m
[34m[2025-06-04 01:28:28] INFO: [Petición] GET /api/post/683fd97893be927da5739f29[39m
[34m[2025-06-04 01:28:28] INFO: [Petición] GET /api/post/683fd97893be927da5739f29/comentarios[39m
[34m[2025-06-04 01:28:28] INFO: [Petición] GET /api/post/683fd97893be927da5739f29[39m
[34m[2025-06-04 01:28:28] INFO: [Petición] GET /api/post/683fd97893be927da5739f29/comentarios[39m
[34m[2025-06-04 01:28:41] INFO: [Petición] PUT /api/post/683fd97893be927da5739f29[39m
[34m[2025-06-04 01:28:41] INFO: [Petición] GET /api/post/683fd97893be927da5739f29[39m
[34m[2025-06-04 01:28:57] INFO: [Petición] POST /api/post/683fd97893be927da5739f29/comentario[39m
[34m[2025-06-04 01:28:57] INFO: [Petición] GET /api/post/683fd97893be927da5739f29/comentarios[39m
[34m[2025-06-04 01:29:00] INFO: [Petición] DELETE /api/post/comentario/683fd99993be927da5739f3c[39m
[34m[2025-06-04 01:29:00] INFO: [Petición] GET /api/post/683fd97893be927da5739f29/comentarios[39m
[34m[2025-06-04 01:29:19] INFO: [Petición] POST /api/post/683fd97893be927da5739f29/comentario[39m
[34m[2025-06-04 01:29:19] INFO: [Petición] GET /api/post/683fd97893be927da5739f29/comentarios[39m
[34m[2025-06-04 01:29:24] INFO: [Petición] PUT /api/post/comentario/683fd9af93be927da5739f44[39m
[34m[2025-06-04 01:29:24] INFO: [Petición] GET /api/post/683fd97893be927da5739f29/comentarios[39m
[34m[2025-06-04 01:31:50] INFO: [Petición] GET /api/post/683fd97893be927da5739f29[39m
[34m[2025-06-04 01:31:50] INFO: [Petición] GET /api/post/683fd97893be927da5739f29/comentarios[39m
[34m[2025-06-04 01:32:11] INFO: [Petición] GET /api/post/683fd97893be927da5739f29[39m
[34m[2025-06-04 01:32:11] INFO: [Petición] GET /api/post/683fd97893be927da5739f29/comentarios[39m
[34m[2025-06-04 01:32:21] INFO: [Petición] PUT /api/post/comentario/683fd9af93be927da5739f44[39m
[34m[2025-06-04 01:32:21] INFO: [Petición] GET /api/post/683fd97893be927da5739f29/comentarios[39m
[34m[2025-06-04 01:33:23] INFO: Servidor iniciado en el puerto 3940[39m
[34m[2025-06-04 01:33:24] INFO: ✅ MongoDB conectado: localhost[39m
[34m[2025-06-04 01:33:43] INFO: Servidor iniciado en el puerto 3940[39m
[34m[2025-06-04 01:33:43] INFO: ✅ MongoDB conectado: localhost[39m
[34m[2025-06-04 01:33:48] INFO: Servidor iniciado en el puerto 3940[39m
[34m[2025-06-04 01:33:48] INFO: ✅ MongoDB conectado: localhost[39m
[34m[2025-06-04 01:59:20] INFO: [Petición] GET /api/post/683fd97893be927da5739f29/comentarios[39m
[34m[2025-06-04 01:59:20] INFO: [Petición] GET /api/post/683fd97893be927da5739f29[39m
[34m[2025-06-04 01:59:20] INFO: [Petición] GET /api/post/683fd97893be927da5739f29/comentarios[39m
[34m[2025-06-04 01:59:20] INFO: [Petición] GET /api/post/683fd97893be927da5739f29[39m
[34m[2025-06-04 02:12:31] INFO: [Petición] PUT /api/post/comentario/683fd9af93be927da5739f44[39m
[34m[2025-06-04 02:12:33] INFO: [Petición] GET /api/post/683fd97893be927da5739f29/comentarios[39m
[34m[2025-06-04 02:12:33] INFO: [Petición] GET /api/post/683fd97893be927da5739f29[39m
[34m[2025-06-04 02:31:37] INFO: [Petición] PUT /api/post/comentario/683fd9af93be927da5739f44[39m
[34m[2025-06-04 02:35:03] INFO: Servidor iniciado en el puerto 3940[39m
[34m[2025-06-04 02:35:03] INFO: ✅ MongoDB conectado: localhost[39m
[34m[2025-06-04 02:35:08] INFO: [Petición] GET /api/post/683fd97893be927da5739f29/comentarios[39m
[34m[2025-06-04 02:35:08] INFO: [Petición] GET /api/post/683fd97893be927da5739f29[39m
[34m[2025-06-04 02:35:11] INFO: [Petición] DELETE /api/post/comentario/683fd9af93be927da5739f44[39m
[34m[2025-06-04 02:35:11] INFO: [Petición] GET /api/post/683fd97893be927da5739f29/comentarios[39m
[34m[2025-06-04 02:35:16] INFO: [Petición] POST /api/post/683fd97893be927da5739f29/comentario[39m
[34m[2025-06-04 02:35:16] INFO: [Petición] GET /api/post/683fd97893be927da5739f29/comentarios[39m
[34m[2025-06-04 02:35:19] INFO: [Petición] PUT /api/post/comentario/683fe924e8117bbf21f8cd2d[39m
[34m[2025-06-04 02:35:51] INFO: [Petición] GET /api/post/683fd97893be927da5739f29[39m
[34m[2025-06-04 02:35:51] INFO: [Petición] GET /api/post/683fd97893be927da5739f29/comentarios[39m
[34m[2025-06-04 02:35:51] INFO: [Petición] GET /api/post/683fd97893be927da5739f29/comentarios[39m
[34m[2025-06-04 02:35:51] INFO: [Petición] GET /api/post/683fd97893be927da5739f29[39m
[34m[2025-06-04 02:35:54] INFO: [Petición] DELETE /api/post/comentario/683fe924e8117bbf21f8cd2d[39m
[34m[2025-06-04 02:35:54] INFO: [Petición] GET /api/post/683fd97893be927da5739f29/comentarios[39m
[34m[2025-06-04 02:35:56] INFO: [Petición] POST /api/post/683fd97893be927da5739f29/comentario[39m
[34m[2025-06-04 02:35:56] INFO: [Petición] GET /api/post/683fd97893be927da5739f29/comentarios[39m
[34m[2025-06-04 02:36:00] INFO: [Petición] PUT /api/post/comentario/683fe94ce8117bbf21f8cd3d[39m
[34m[2025-06-04 02:38:50] INFO: [Petición] GET /api/post/683fd97893be927da5739f29[39m
[34m[2025-06-04 02:38:50] INFO: [Petición] GET /api/post/683fd97893be927da5739f29/comentarios[39m
[34m[2025-06-04 02:38:53] INFO: [Petición] DELETE /api/post/comentario/683fe94ce8117bbf21f8cd3d[39m
[34m[2025-06-04 02:38:53] INFO: [Petición] GET /api/post/683fd97893be927da5739f29/comentarios[39m
[34m[2025-06-04 02:38:56] INFO: [Petición] POST /api/post/683fd97893be927da5739f29/comentario[39m
[34m[2025-06-04 02:38:56] INFO: [Petición] GET /api/post/683fd97893be927da5739f29/comentarios[39m
[34m[2025-06-04 02:39:00] INFO: [Petición] PUT /api/post/comentario/683fea00e8117bbf21f8cd49[39m
[34m[2025-06-04 02:40:40] INFO: [Petición] GET /api/post/683fd97893be927da5739f29/comentarios[39m
[34m[2025-06-04 02:40:40] INFO: [Petición] GET /api/post/683fd97893be927da5739f29[39m
[34m[2025-06-04 02:40:41] INFO: [Petición] GET /api/post/683fd97893be927da5739f29[39m
[34m[2025-06-04 02:40:41] INFO: [Petición] GET /api/post/683fd97893be927da5739f29/comentarios[39m
[34m[2025-06-04 02:40:44] INFO: [Petición] PUT /api/post/comentario/683fea00e8117bbf21f8cd49[39m
[34m[2025-06-04 02:40:47] INFO: [Petición] DELETE /api/post/comentario/683fea00e8117bbf21f8cd49[39m
[34m[2025-06-04 02:40:47] INFO: [Petición] GET /api/post/683fd97893be927da5739f29/comentarios[39m
[34m[2025-06-04 02:40:49] INFO: [Petición] POST /api/post/683fd97893be927da5739f29/comentario[39m
[34m[2025-06-04 02:40:49] INFO: [Petición] GET /api/post/683fd97893be927da5739f29/comentarios[39m
[34m[2025-06-04 02:40:51] INFO: [Petición] PUT /api/post/comentario/683fea71e8117bbf21f8cd59[39m
[34m[2025-06-04 02:40:53] INFO: [Petición] PUT /api/post/comentario/683fea71e8117bbf21f8cd59[39m
[34m[2025-06-04 02:41:45] INFO: [Petición] GET /api/post/683fd97893be927da5739f29/comentarios[39m
[34m[2025-06-04 02:41:45] INFO: [Petición] GET /api/post/683fd97893be927da5739f29[39m
[34m[2025-06-04 02:41:46] INFO: [Petición] GET /api/post/683fd97893be927da5739f29[39m
[34m[2025-06-04 02:41:46] INFO: [Petición] GET /api/post/683fd97893be927da5739f29/comentarios[39m
[34m[2025-06-04 02:41:46] INFO: [Petición] GET /api/post/683fd97893be927da5739f29/comentarios[39m
[34m[2025-06-04 02:41:46] INFO: [Petición] GET /api/post/683fd97893be927da5739f29[39m
[34m[2025-06-04 02:41:48] INFO: [Petición] GET /api/post/683fd97893be927da5739f29[39m
[34m[2025-06-04 02:41:48] INFO: [Petición] GET /api/post/683fd97893be927da5739f29/comentarios[39m
[34m[2025-06-04 02:41:52] INFO: [Petición] DELETE /api/post/comentario/683fea71e8117bbf21f8cd59[39m
[34m[2025-06-04 02:41:52] INFO: [Petición] GET /api/post/683fd97893be927da5739f29/comentarios[39m
[34m[2025-06-04 02:41:54] INFO: [Petición] POST /api/post/683fd97893be927da5739f29/comentario[39m
[34m[2025-06-04 02:41:54] INFO: [Petición] GET /api/post/683fd97893be927da5739f29/comentarios[39m
[34m[2025-06-04 02:41:57] INFO: [Petición] PUT /api/post/comentario/683feab2e8117bbf21f8cd71[39m
[34m[2025-06-04 02:42:57] INFO: Servidor iniciado en el puerto 3940[39m
[34m[2025-06-04 02:42:57] INFO: ✅ MongoDB conectado: localhost[39m
[34m[2025-06-04 02:43:16] INFO: Servidor iniciado en el puerto 3940[39m
[34m[2025-06-04 02:43:16] INFO: ✅ MongoDB conectado: localhost[39m
[34m[2025-06-04 02:43:19] INFO: [Petición] GET /api/post/683fd97893be927da5739f29[39m
[34m[2025-06-04 02:43:19] INFO: [Petición] GET /api/post/683fd97893be927da5739f29/comentarios[39m
[34m[2025-06-04 02:43:19] INFO: [Petición] GET /api/post/683fd97893be927da5739f29/comentarios[39m
[34m[2025-06-04 02:43:19] INFO: [Petición] GET /api/post/683fd97893be927da5739f29[39m
[34m[2025-06-04 02:43:23] INFO: [Petición] GET /api/post/683fd97893be927da5739f29[39m
[34m[2025-06-04 02:43:23] INFO: [Petición] GET /api/post/683fd97893be927da5739f29/comentarios[39m
[34m[2025-06-04 02:43:26] INFO: [Petición] DELETE /api/post/comentario/683feab2e8117bbf21f8cd71[39m
[34m[2025-06-04 02:43:26] INFO: [Petición] GET /api/post/683fd97893be927da5739f29/comentarios[39m
[34m[2025-06-04 02:43:28] INFO: [Petición] POST /api/post/683fd97893be927da5739f29/comentario[39m
[34m[2025-06-04 02:43:28] INFO: [Petición] GET /api/post/683fd97893be927da5739f29/comentarios[39m
[34m[2025-06-04 02:43:31] INFO: [Petición] PUT /api/post/comentario/683feb109a4472ee7b49d713[39m
[34m[2025-06-04 02:44:14] INFO: Servidor iniciado en el puerto 3940[39m
[34m[2025-06-04 02:44:14] INFO: ✅ MongoDB conectado: localhost[39m
[34m[2025-06-04 02:44:16] INFO: [Petición] GET /api/post/683fd97893be927da5739f29/comentarios[39m
[34m[2025-06-04 02:44:16] INFO: [Petición] GET /api/post/683fd97893be927da5739f29[39m
[34m[2025-06-04 02:44:16] INFO: [Petición] GET /api/post/683fd97893be927da5739f29[39m
[34m[2025-06-04 02:44:16] INFO: [Petición] GET /api/post/683fd97893be927da5739f29/comentarios[39m
[34m[2025-06-04 02:44:19] INFO: [Petición] PUT /api/post/comentario/683feb109a4472ee7b49d713[39m
[34m[2025-06-04 02:44:22] INFO: [Petición] DELETE /api/post/comentario/683feb109a4472ee7b49d713[39m
[34m[2025-06-04 02:44:22] INFO: [Petición] GET /api/post/683fd97893be927da5739f29/comentarios[39m
[34m[2025-06-04 02:44:24] INFO: [Petición] POST /api/post/683fd97893be927da5739f29/comentario[39m
[34m[2025-06-04 02:44:24] INFO: [Petición] GET /api/post/683fd97893be927da5739f29/comentarios[39m
[34m[2025-06-04 02:44:27] INFO: [Petición] PUT /api/post/comentario/683feb48f3b661fd5bcc7e6e[39m
[34m[2025-06-04 02:44:28] INFO: [Petición] GET /api/post/683fd97893be927da5739f29[39m
[34m[2025-06-04 02:44:28] INFO: [Petición] GET /api/post/683fd97893be927da5739f29/comentarios[39m
[34m[2025-06-04 02:44:32] INFO: [Petición] PUT /api/post/comentario/683feb48f3b661fd5bcc7e6e[39m
[34m[2025-06-04 02:45:00] INFO: Servidor iniciado en el puerto 3940[39m
[34m[2025-06-04 02:45:00] INFO: ✅ MongoDB conectado: localhost[39m
[34m[2025-06-04 02:45:04] INFO: [Petición] GET /api/post/683fd97893be927da5739f29[39m
[34m[2025-06-04 02:45:04] INFO: [Petición] GET /api/post/683fd97893be927da5739f29/comentarios[39m
[34m[2025-06-04 02:45:07] INFO: [Petición] DELETE /api/post/comentario/683feb48f3b661fd5bcc7e6e[39m
[34m[2025-06-04 02:45:07] INFO: [Petición] GET /api/post/683fd97893be927da5739f29/comentarios[39m
[34m[2025-06-04 02:45:09] INFO: [Petición] POST /api/post/683fd97893be927da5739f29/comentario[39m
[34m[2025-06-04 02:45:09] INFO: [Petición] GET /api/post/683fd97893be927da5739f29/comentarios[39m
[34m[2025-06-04 02:45:14] INFO: [Petición] PUT /api/post/comentario/683feb75a1e58643e5399608[39m
[34m[2025-06-04 02:45:53] INFO: Servidor iniciado en el puerto 3940[39m
[34m[2025-06-04 02:45:53] INFO: ✅ MongoDB conectado: localhost[39m
[34m[2025-06-04 02:46:17] INFO: Servidor iniciado en el puerto 3940[39m
[34m[2025-06-04 02:46:17] INFO: ✅ MongoDB conectado: localhost[39m
[34m[2025-06-04 02:46:23] INFO: [Petición] DELETE /api/post/comentario/683feb75a1e58643e5399608[39m
[34m[2025-06-04 02:46:23] INFO: [Petición] GET /api/post/683fd97893be927da5739f29/comentarios[39m
[34m[2025-06-04 02:46:26] INFO: [Petición] POST /api/post/683fd97893be927da5739f29/comentario[39m
[34m[2025-06-04 02:46:26] INFO: [Petición] GET /api/post/683fd97893be927da5739f29/comentarios[39m
[34m[2025-06-04 02:46:29] INFO: [Petición] PUT /api/post/comentario/683febc262fafd0ddbaed0ae[39m
[34m[2025-06-04 02:46:29] INFO: [Petición] GET /api/post/683fd97893be927da5739f29/comentarios[39m
[34m[2025-06-04 02:46:31] INFO: [Petición] DELETE /api/post/comentario/683febc262fafd0ddbaed0ae[39m
[34m[2025-06-04 02:46:31] INFO: [Petición] GET /api/post/683fd97893be927da5739f29/comentarios[39m
[34m[2025-06-04 02:46:42] INFO: [Petición] GET /api/post/683fd97893be927da5739f29/comentarios[39m
[34m[2025-06-04 02:46:42] INFO: [Petición] GET /api/post/683fd97893be927da5739f29[39m
[34m[2025-06-04 02:46:42] INFO: [Petición] GET /api/post/683fd97893be927da5739f29/comentarios[39m
[34m[2025-06-04 02:46:42] INFO: [Petición] GET /api/post/683fd97893be927da5739f29[39m
[34m[2025-06-04 02:46:44] INFO: [Petición] GET /api/post/683fd97893be927da5739f29[39m
[34m[2025-06-04 02:46:44] INFO: [Petición] GET /api/post/683fd97893be927da5739f29/comentarios[39m
[34m[2025-06-06 14:40:36] INFO: Servidor iniciado en el puerto 3940[39m
[34m[2025-06-06 14:40:36] INFO: ✅ MongoDB conectado: localhost[39m
